<?xml version="1.0" encoding="UTF-8"?>
<testsuite name="MinesweeperTest" tests="1" skipped="0" failures="0" errors="0" timestamp="2020-09-22T07:16:02" hostname="NEC" time="4.917">
  <properties/>
  <testcase name="start" classname="MinesweeperTest" time="4.917"/>
  <system-out><![CDATA[?[1;31m
Start test 1?[0m
How many mines do you want on the field? > 1
 |123456789|
-|---------|
1|.........|
2|.........|
3|.........|
4|.........|
5|.........|
6|.........|
7|.........|
8|.........|
9|.........|
-|---------|
Set/unset mines marks or claim a cell as free: 
> 6 7 free
 |123456789|
-|---------|
1|.........|
2|.........|
3|.........|
4|.........|
5|.........|
6|.........|
7|.....1...|
8|.........|
9|.........|
-|---------|
Set/unset mines marks or claim a cell as free: 
> 7 9 free
rightMarks = 80
 |123456789|
-|---------|
1|/////////|
2|/////////|
3|/////////|
4|/////////|
5|/////////|
6|///111///|
7|///1.1///|
8|///111///|
9|/////////|
-|---------|
Congratulations! You found all mines!
?[1;31m
Start test 2?[0m
How many mines do you want on the field? > 1
 |123456789|
-|---------|
1|.........|
2|.........|
3|.........|
4|.........|
5|.........|
6|.........|
7|.........|
8|.........|
9|.........|
-|---------|
Set/unset mines marks or claim a cell as free: 
> 5 2 free
 |123456789|
-|---------|
1|//////1..|
2|//////111|
3|/////////|
4|/////////|
5|/////////|
6|/////////|
7|/////////|
8|/////////|
9|/////////|
-|---------|
Set/unset mines marks or claim a cell as free: 
> 8 1 mine
 |123456789|
-|---------|
1|//////1*.|
2|//////111|
3|/////////|
4|/////////|
5|/////////|
6|/////////|
7|/////////|
8|/////////|
9|/////////|
-|---------|
Congratulations! You found all mines!
?[1;31m
Start test 3?[0m
How many mines do you want on the field? > 1
 |123456789|
-|---------|
1|.........|
2|.........|
3|.........|
4|.........|
5|.........|
6|.........|
7|.........|
8|.........|
9|.........|
-|---------|
Set/unset mines marks or claim a cell as free: 
> 3 1 mine
 |123456789|
-|---------|
1|..*......|
2|.........|
3|.........|
4|.........|
5|.........|
6|.........|
7|.........|
8|.........|
9|.........|
-|---------|
Set/unset mines marks or claim a cell as free: 
> 3 1 mine
 |123456789|
-|---------|
1|.........|
2|.........|
3|.........|
4|.........|
5|.........|
6|.........|
7|.........|
8|.........|
9|.........|
-|---------|
Set/unset mines marks or claim a cell as free: 
> 2 1 mine
 |123456789|
-|---------|
1|.*.......|
2|.........|
3|.........|
4|.........|
5|.........|
6|.........|
7|.........|
8|.........|
9|.........|
-|---------|
Set/unset mines marks or claim a cell as free: 
> 4 7 mine
 |123456789|
-|---------|
1|.*.......|
2|.........|
3|.........|
4|.........|
5|.........|
6|.........|
7|...*.....|
8|.........|
9|.........|
-|---------|
Set/unset mines marks or claim a cell as free: 
> 5 1 mine
 |123456789|
-|---------|
1|.*..*....|
2|.........|
3|.........|
4|.........|
5|.........|
6|.........|
7|...*.....|
8|.........|
9|.........|
-|---------|
Set/unset mines marks or claim a cell as free: 
> 9 8 mine
 |123456789|
-|---------|
1|.*..*....|
2|.........|
3|.........|
4|.........|
5|.........|
6|.........|
7|...*.....|
8|........*|
9|.........|
-|---------|
Set/unset mines marks or claim a cell as free: 
> 8 4 mine
 |123456789|
-|---------|
1|.*..*....|
2|.........|
3|.........|
4|.......*.|
5|.........|
6|.........|
7|...*.....|
8|........*|
9|.........|
-|---------|
Set/unset mines marks or claim a cell as free: 
> 7 6 free
 |123456789|
-|---------|
1|.*1//////|
2|111//////|
3|/////////|
4|/////////|
5|/////////|
6|/////////|
7|/////////|
8|/////////|
9|/////////|
-|---------|
Congratulations! You found all mines!
?[1;31m
Start test 4?[0m
How many mines do you want on the field? > 1
 |123456789|
-|---------|
1|.........|
2|.........|
3|.........|
4|.........|
5|.........|
6|.........|
7|.........|
8|.........|
9|.........|
-|---------|
Set/unset mines marks or claim a cell as free: 
> 8 8 mine
 |123456789|
-|---------|
1|.........|
2|.........|
3|.........|
4|.........|
5|.........|
6|.........|
7|.........|
8|.......*.|
9|.........|
-|---------|
Set/unset mines marks or claim a cell as free: 
> 4 7 free
 |123456789|
-|---------|
1|/////////|
2|/////////|
3|/////////|
4|/////////|
5|/////////|
6|/////////|
7|/////111/|
8|/////1.1/|
9|/////1.1/|
-|---------|
Set/unset mines marks or claim a cell as free: 
> 7 9 mine
 |123456789|
-|---------|
1|/////////|
2|/////////|
3|/////////|
4|/////////|
5|/////////|
6|/////////|
7|/////111/|
8|/////1.1/|
9|/////1*1/|
-|---------|
Set/unset mines marks or claim a cell as free: 
> 7 9 mine
 |123456789|
-|---------|
1|/////////|
2|/////////|
3|/////////|
4|/////////|
5|/////////|
6|/////////|
7|/////111/|
8|/////1.1/|
9|/////1.1/|
-|---------|
Set/unset mines marks or claim a cell as free: 
> 7 9 mine
 |123456789|
-|---------|
1|/////////|
2|/////////|
3|/////////|
4|/////////|
5|/////////|
6|/////////|
7|/////111/|
8|/////1.1/|
9|/////1*1/|
-|---------|
Set/unset mines marks or claim a cell as free: 
> 7 8 free
 |123456789|
-|---------|
1|/////////|
2|/////////|
3|/////////|
4|/////////|
5|/////////|
6|/////////|
7|/////111/|
8|/////1X1/|
9|/////1*1/|
-|---------|
You stepped on a mine and failed!
rightMarks = 79
?[1;31m
Start test 5?[0m
How many mines do you want on the field? > 1
 |123456789|
-|---------|
1|.........|
2|.........|
3|.........|
4|.........|
5|.........|
6|.........|
7|.........|
8|.........|
9|.........|
-|---------|
Set/unset mines marks or claim a cell as free: 
> 8 4 free
 |123456789|
-|---------|
1|/////////|
2|/////////|
3|/////////|
4|/////////|
5|/////////|
6|/////////|
7|////111//|
8|////1.1//|
9|////1.1//|
-|---------|
Set/unset mines marks or claim a cell as free: 
> 6 9 free
rightMarks = 80
 |123456789|
-|---------|
1|/////////|
2|/////////|
3|/////////|
4|/////////|
5|/////////|
6|/////////|
7|////111//|
8|////1.1//|
9|////111//|
-|---------|
Congratulations! You found all mines!
?[1;31m
Start test 6?[0m
How many mines do you want on the field? > 1
 |123456789|
-|---------|
1|.........|
2|.........|
3|.........|
4|.........|
5|.........|
6|.........|
7|.........|
8|.........|
9|.........|
-|---------|
Set/unset mines marks or claim a cell as free: 
> 2 9 free
rightMarks = 80
 |123456789|
-|---------|
1|/////////|
2|/////////|
3|/////////|
4|/////////|
5|/////////|
6|////111//|
7|////1.1//|
8|////111//|
9|/////////|
-|---------|
Congratulations! You found all mines!
?[1;31m
Start test 7?[0m
How many mines do you want on the field? > 1
 |123456789|
-|---------|
1|.........|
2|.........|
3|.........|
4|.........|
5|.........|
6|.........|
7|.........|
8|.........|
9|.........|
-|---------|
Set/unset mines marks or claim a cell as free: 
> 2 9 free
rightMarks = 80
 |123456789|
-|---------|
1|/////////|
2|/////////|
3|/////////|
4|/////////|
5|/////////|
6|/////////|
7|/////////|
8|/////111/|
9|/////1.1/|
-|---------|
Congratulations! You found all mines!
?[1;31m
Start test 8?[0m
How many mines do you want on the field? > 1
 |123456789|
-|---------|
1|.........|
2|.........|
3|.........|
4|.........|
5|.........|
6|.........|
7|.........|
8|.........|
9|.........|
-|---------|
Set/unset mines marks or claim a cell as free: 
> 2 1 free
rightMarks = 80
 |123456789|
-|---------|
1|//1.1////|
2|//111////|
3|/////////|
4|/////////|
5|/////////|
6|/////////|
7|/////////|
8|/////////|
9|/////////|
-|---------|
Congratulations! You found all mines!
?[1;31m
Start test 9?[0m
How many mines do you want on the field? > 1
 |123456789|
-|---------|
1|.........|
2|.........|
3|.........|
4|.........|
5|.........|
6|.........|
7|.........|
8|.........|
9|.........|
-|---------|
Set/unset mines marks or claim a cell as free: 
> 9 5 mine
 |123456789|
-|---------|
1|.........|
2|.........|
3|.........|
4|.........|
5|........*|
6|.........|
7|.........|
8|.........|
9|.........|
-|---------|
Set/unset mines marks or claim a cell as free: 
> 9 5 mine
 |123456789|
-|---------|
1|.........|
2|.........|
3|.........|
4|.........|
5|.........|
6|.........|
7|.........|
8|.........|
9|.........|
-|---------|
Set/unset mines marks or claim a cell as free: 
> 9 1 free
 |123456789|
-|---------|
1|.1///////|
2|.1///////|
3|11///////|
4|/////////|
5|/////////|
6|/////////|
7|/////////|
8|/////////|
9|/////////|
-|---------|
Set/unset mines marks or claim a cell as free: 
> 1 1 free
rightMarks = 80
 |123456789|
-|---------|
1|11///////|
2|.1///////|
3|11///////|
4|/////////|
5|/////////|
6|/////////|
7|/////////|
8|/////////|
9|/////////|
-|---------|
Congratulations! You found all mines!
?[1;31m
Start test 10?[0m
How many mines do you want on the field? > 1
 |123456789|
-|---------|
1|.........|
2|.........|
3|.........|
4|.........|
5|.........|
6|.........|
7|.........|
8|.........|
9|.........|
-|---------|
Set/unset mines marks or claim a cell as free: 
> 3 5 free
rightMarks = 80
 |123456789|
-|---------|
1|/////////|
2|/////////|
3|/////////|
4|/////////|
5|/////////|
6|/////111/|
7|/////1.1/|
8|/////111/|
9|/////////|
-|---------|
Congratulations! You found all mines!
?[1;31m
Start test 11?[0m
How many mines do you want on the field? > 1
 |123456789|
-|---------|
1|.........|
2|.........|
3|.........|
4|.........|
5|.........|
6|.........|
7|.........|
8|.........|
9|.........|
-|---------|
Set/unset mines marks or claim a cell as free: 
> 6 7 free
rightMarks = 80
 |123456789|
-|---------|
1|/////////|
2|/////////|
3|/////////|
4|/////////|
5|/////////|
6|/////////|
7|/////////|
8|///111///|
9|///1.1///|
-|---------|
Congratulations! You found all mines!
?[1;31m
Start test 12?[0m
How many mines do you want on the field? > 1
 |123456789|
-|---------|
1|.........|
2|.........|
3|.........|
4|.........|
5|.........|
6|.........|
7|.........|
8|.........|
9|.........|
-|---------|
Set/unset mines marks or claim a cell as free: 
> 7 4 mine
 |123456789|
-|---------|
1|.........|
2|.........|
3|.........|
4|......*..|
5|.........|
6|.........|
7|.........|
8|.........|
9|.........|
-|---------|
Set/unset mines marks or claim a cell as free: 
> 5 1 free
rightMarks = 80
 |123456789|
-|---------|
1|/////////|
2|/////////|
3|/////////|
4|11///////|
5|.1///////|
6|11///////|
7|/////////|
8|/////////|
9|/////////|
-|---------|
Congratulations! You found all mines!
?[1;31m
Start test 13?[0m
How many mines do you want on the field? > 1
 |123456789|
-|---------|
1|.........|
2|.........|
3|.........|
4|.........|
5|.........|
6|.........|
7|.........|
8|.........|
9|.........|
-|---------|
Set/unset mines marks or claim a cell as free: 
> 5 9 mine
 |123456789|
-|---------|
1|.........|
2|.........|
3|.........|
4|.........|
5|.........|
6|.........|
7|.........|
8|.........|
9|....*....|
-|---------|
Set/unset mines marks or claim a cell as free: 
> 5 8 free
rightMarks = 80
 |123456789|
-|---------|
1|/////////|
2|/111/////|
3|/1.1/////|
4|/111/////|
5|/////////|
6|/////////|
7|/////////|
8|/////////|
9|/////////|
-|---------|
Congratulations! You found all mines!
?[1;31m
Start test 14?[0m
How many mines do you want on the field? > 1
 |123456789|
-|---------|
1|.........|
2|.........|
3|.........|
4|.........|
5|.........|
6|.........|
7|.........|
8|.........|
9|.........|
-|---------|
Set/unset mines marks or claim a cell as free: 
> 9 6 free
 |123456789|
-|---------|
1|/1.1/////|
2|/1.1/////|
3|/111/////|
4|/////////|
5|/////////|
6|/////////|
7|/////////|
8|/////////|
9|/////////|
-|---------|
Set/unset mines marks or claim a cell as free: 
> 3 1 mine
 |123456789|
-|---------|
1|/1*1/////|
2|/1.1/////|
3|/111/////|
4|/////////|
5|/////////|
6|/////////|
7|/////////|
8|/////////|
9|/////////|
-|---------|
Set/unset mines marks or claim a cell as free: 
> 3 2 free
 |123456789|
-|---------|
1|/1*1/////|
2|/1X1/////|
3|/111/////|
4|/////////|
5|/////////|
6|/////////|
7|/////////|
8|/////////|
9|/////////|
-|---------|
You stepped on a mine and failed!
rightMarks = 79
?[1;31m
Start test 15?[0m
How many mines do you want on the field? > 1
 |123456789|
-|---------|
1|.........|
2|.........|
3|.........|
4|.........|
5|.........|
6|.........|
7|.........|
8|.........|
9|.........|
-|---------|
Set/unset mines marks or claim a cell as free: 
> 6 2 free
rightMarks = 80
 |123456789|
-|---------|
1|/////////|
2|/////////|
3|/////////|
4|/////111/|
5|/////1.1/|
6|/////111/|
7|/////////|
8|/////////|
9|/////////|
-|---------|
Congratulations! You found all mines!
?[1;31m
Start test 16?[0m
How many mines do you want on the field? > 1
 |123456789|
-|---------|
1|.........|
2|.........|
3|.........|
4|.........|
5|.........|
6|.........|
7|.........|
8|.........|
9|.........|
-|---------|
Set/unset mines marks or claim a cell as free: 
> 4 2 free
 |123456789|
-|---------|
1|.........|
2|...1.....|
3|.........|
4|.........|
5|.........|
6|.........|
7|.........|
8|.........|
9|.........|
-|---------|
Set/unset mines marks or claim a cell as free: 
> 1 2 mine
 |123456789|
-|---------|
1|.........|
2|*..1.....|
3|.........|
4|.........|
5|.........|
6|.........|
7|.........|
8|.........|
9|.........|
-|---------|
Set/unset mines marks or claim a cell as free: 
> 1 2 mine
 |123456789|
-|---------|
1|.........|
2|...1.....|
3|.........|
4|.........|
5|.........|
6|.........|
7|.........|
8|.........|
9|.........|
-|---------|
Set/unset mines marks or claim a cell as free: 
> 4 7 free
rightMarks = 80
 |123456789|
-|---------|
1|/////////|
2|//111////|
3|//1.1////|
4|//111////|
5|/////////|
6|/////////|
7|/////////|
8|/////////|
9|/////////|
-|---------|
Congratulations! You found all mines!
?[1;31m
Start test 17?[0m
How many mines do you want on the field? > 1
 |123456789|
-|---------|
1|.........|
2|.........|
3|.........|
4|.........|
5|.........|
6|.........|
7|.........|
8|.........|
9|.........|
-|---------|
Set/unset mines marks or claim a cell as free: 
> 8 3 mine
 |123456789|
-|---------|
1|.........|
2|.........|
3|.......*.|
4|.........|
5|.........|
6|.........|
7|.........|
8|.........|
9|.........|
-|---------|
Set/unset mines marks or claim a cell as free: 
> 3 1 free
 |123456789|
-|---------|
1|//////1..|
2|//////1..|
3|//////111|
4|/////////|
5|/////////|
6|/////////|
7|/////////|
8|/////////|
9|/////////|
-|---------|
Set/unset mines marks or claim a cell as free: 
> 9 1 free
 |123456789|
-|---------|
1|//////1.1|
2|//////1..|
3|//////111|
4|/////////|
5|/////////|
6|/////////|
7|/////////|
8|/////////|
9|/////////|
-|---------|
Set/unset mines marks or claim a cell as free: 
> 9 2 mine
 |123456789|
-|---------|
1|//////1.1|
2|//////1.*|
3|//////111|
4|/////////|
5|/////////|
6|/////////|
7|/////////|
8|/////////|
9|/////////|
-|---------|
Set/unset mines marks or claim a cell as free: 
> 8 1 mine
 |123456789|
-|---------|
1|//////1*1|
2|//////1.*|
3|//////111|
4|/////////|
5|/////////|
6|/////////|
7|/////////|
8|/////////|
9|/////////|
-|---------|
Set/unset mines marks or claim a cell as free: 
> 8 2 free
 |123456789|
-|---------|
1|//////1*1|
2|//////1X*|
3|//////111|
4|/////////|
5|/////////|
6|/////////|
7|/////////|
8|/////////|
9|/////////|
-|---------|
You stepped on a mine and failed!
?[1;31m
Start test 18?[0m
How many mines do you want on the field? > 1
 |123456789|
-|---------|
1|.........|
2|.........|
3|.........|
4|.........|
5|.........|
6|.........|
7|.........|
8|.........|
9|.........|
-|---------|
Set/unset mines marks or claim a cell as free: 
> 2 3 free
rightMarks = 80
 |123456789|
-|---------|
1|/////////|
2|/////////|
3|/////////|
4|////111//|
5|////1.1//|
6|////111//|
7|/////////|
8|/////////|
9|/////////|
-|---------|
Congratulations! You found all mines!
?[1;31m
Start test 19?[0m
How many mines do you want on the field? > 1
 |123456789|
-|---------|
1|.........|
2|.........|
3|.........|
4|.........|
5|.........|
6|.........|
7|.........|
8|.........|
9|.........|
-|---------|
Set/unset mines marks or claim a cell as free: 
> 2 4 free
 |123456789|
-|---------|
1|/////////|
2|/////////|
3|/////////|
4|//////111|
5|//////1..|
6|//////111|
7|/////////|
8|/////////|
9|/////////|
-|---------|
Set/unset mines marks or claim a cell as free: 
> 8 5 mine
 |123456789|
-|---------|
1|/////////|
2|/////////|
3|/////////|
4|//////111|
5|//////1*.|
6|//////111|
7|/////////|
8|/////////|
9|/////////|
-|---------|
Congratulations! You found all mines!
?[1;31m
Start test 20?[0m
How many mines do you want on the field? > 1
 |123456789|
-|---------|
1|.........|
2|.........|
3|.........|
4|.........|
5|.........|
6|.........|
7|.........|
8|.........|
9|.........|
-|---------|
Set/unset mines marks or claim a cell as free: 
> 4 7 mine
 |123456789|
-|---------|
1|.........|
2|.........|
3|.........|
4|.........|
5|.........|
6|.........|
7|...*.....|
8|.........|
9|.........|
-|---------|
Set/unset mines marks or claim a cell as free: 
> 4 1 free
 |123456789|
-|---------|
1|/////////|
2|/////////|
3|/////////|
4|/////////|
5|/////////|
6|/////////|
7|////111//|
8|////1.1//|
9|////1.1//|
-|---------|
Set/unset mines marks or claim a cell as free: 
> 6 8 mine
 |123456789|
-|---------|
1|/////////|
2|/////////|
3|/////////|
4|/////////|
5|/////////|
6|/////////|
7|////111//|
8|////1*1//|
9|////1.1//|
-|---------|
Congratulations! You found all mines!
?[1;31m
Start test 21?[0m
How many mines do you want on the field? > 2
 |123456789|
-|---------|
1|.........|
2|.........|
3|.........|
4|.........|
5|.........|
6|.........|
7|.........|
8|.........|
9|.........|
-|---------|
Set/unset mines marks or claim a cell as free: 
> 7 5 free
rightMarks = 79
 |123456789|
-|---------|
1|/////////|
2|///////11|
3|///////1.|
4|///////11|
5|/////////|
6|/////111/|
7|/////1.1/|
8|/////111/|
9|/////////|
-|---------|
Congratulations! You found all mines!
?[1;31m
Start test 22?[0m
How many mines do you want on the field? > 2
 |123456789|
-|---------|
1|.........|
2|.........|
3|.........|
4|.........|
5|.........|
6|.........|
7|.........|
8|.........|
9|.........|
-|---------|
Set/unset mines marks or claim a cell as free: 
> 2 1 free
 |123456789|
-|---------|
1|///1.1///|
2|///111///|
3|/////////|
4|/////////|
5|/////////|
6|/////////|
7|//111////|
8|//1.1////|
9|//1.1////|
-|---------|
Set/unset mines marks or claim a cell as free: 
> 4 9 free
rightMarks = 79
 |123456789|
-|---------|
1|///1.1///|
2|///111///|
3|/////////|
4|/////////|
5|/////////|
6|/////////|
7|//111////|
8|//1.1////|
9|//111////|
-|---------|
Congratulations! You found all mines!
?[1;31m
Start test 23?[0m
How many mines do you want on the field? > 2
 |123456789|
-|---------|
1|.........|
2|.........|
3|.........|
4|.........|
5|.........|
6|.........|
7|.........|
8|.........|
9|.........|
-|---------|
Set/unset mines marks or claim a cell as free: 
> 2 7 mine
 |123456789|
-|---------|
1|.........|
2|.........|
3|.........|
4|.........|
5|.........|
6|.........|
7|.*.......|
8|.........|
9|.........|
-|---------|
Set/unset mines marks or claim a cell as free: 
> 6 1 mine
 |123456789|
-|---------|
1|.....*...|
2|.........|
3|.........|
4|.........|
5|.........|
6|.........|
7|.*.......|
8|.........|
9|.........|
-|---------|
Set/unset mines marks or claim a cell as free: 
> 6 1 mine
 |123456789|
-|---------|
1|.........|
2|.........|
3|.........|
4|.........|
5|.........|
6|.........|
7|.*.......|
8|.........|
9|.........|
-|---------|
Set/unset mines marks or claim a cell as free: 
> 2 7 mine
 |123456789|
-|---------|
1|.........|
2|.........|
3|.........|
4|.........|
5|.........|
6|.........|
7|.........|
8|.........|
9|.........|
-|---------|
Set/unset mines marks or claim a cell as free: 
> 1 4 free
 |123456789|
-|---------|
1|/////////|
2|/////////|
3|/////////|
4|/111/////|
5|/1.1/////|
6|/111//111|
7|//////1..|
8|//////111|
9|/////////|
-|---------|
Set/unset mines marks or claim a cell as free: 
> 9 7 mine
 |123456789|
-|---------|
1|/////////|
2|/////////|
3|/////////|
4|/111/////|
5|/1.1/////|
6|/111//111|
7|//////1.*|
8|//////111|
9|/////////|
-|---------|
Set/unset mines marks or claim a cell as free: 
> 3 5 mine
 |123456789|
-|---------|
1|/////////|
2|/////////|
3|/////////|
4|/111/////|
5|/1*1/////|
6|/111//111|
7|//////1.*|
8|//////111|
9|/////////|
-|---------|
Set/unset mines marks or claim a cell as free: 
> 8 7 mine
 |123456789|
-|---------|
1|/////////|
2|/////////|
3|/////////|
4|/111/////|
5|/1*1/////|
6|/111//111|
7|//////1**|
8|//////111|
9|/////////|
-|---------|
Set/unset mines marks or claim a cell as free: 
> 9 7 mine
 |123456789|
-|---------|
1|/////////|
2|/////////|
3|/////////|
4|/111/////|
5|/1*1/////|
6|/111//111|
7|//////1*.|
8|//////111|
9|/////////|
-|---------|
Congratulations! You found all mines!
?[1;31m
Start test 24?[0m
How many mines do you want on the field? > 2
 |123456789|
-|---------|
1|.........|
2|.........|
3|.........|
4|.........|
5|.........|
6|.........|
7|.........|
8|.........|
9|.........|
-|---------|
Set/unset mines marks or claim a cell as free: 
> 2 3 free
 |123456789|
-|---------|
1|.1///////|
2|11///////|
3|/////////|
4|/////////|
5|/////////|
6|/////////|
7|/111/////|
8|/1.1/////|
9|/1.1/////|
-|---------|
Set/unset mines marks or claim a cell as free: 
> 1 1 free
 |123456789|
-|---------|
1|X1///////|
2|11///////|
3|/////////|
4|/////////|
5|/////////|
6|/////////|
7|/111/////|
8|/1X1/////|
9|/1.1/////|
-|---------|
You stepped on a mine and failed!
?[1;31m
Start test 25?[0m
How many mines do you want on the field? > 2
 |123456789|
-|---------|
1|.........|
2|.........|
3|.........|
4|.........|
5|.........|
6|.........|
7|.........|
8|.........|
9|.........|
-|---------|
Set/unset mines marks or claim a cell as free: 
> 1 9 free
 |123456789|
-|---------|
1|/1.1/////|
2|/111/////|
3|/////////|
4|/////////|
5|111//////|
6|..1//////|
7|111//////|
8|/////////|
9|/////////|
-|---------|
Set/unset mines marks or claim a cell as free: 
> 1 6 free
rightMarks = 79
 |123456789|
-|---------|
1|/1.1/////|
2|/111/////|
3|/////////|
4|/////////|
5|111//////|
6|1.1//////|
7|111//////|
8|/////////|
9|/////////|
-|---------|
Congratulations! You found all mines!
?[1;31m
Start test 26?[0m
How many mines do you want on the field? > 2
 |123456789|
-|---------|
1|.........|
2|.........|
3|.........|
4|.........|
5|.........|
6|.........|
7|.........|
8|.........|
9|.........|
-|---------|
Set/unset mines marks or claim a cell as free: 
> 5 3 free
 |123456789|
-|---------|
1|/////////|
2|/////////|
3|/////////|
4|/////////|
5|/////////|
6|/////////|
7|//////111|
8|/////12..|
9|/////1...|
-|---------|
Set/unset mines marks or claim a cell as free: 
> 7 9 free
 |123456789|
-|---------|
1|/////////|
2|/////////|
3|/////////|
4|/////////|
5|/////////|
6|/////////|
7|//////111|
8|/////12X.|
9|/////1X..|
-|---------|
You stepped on a mine and failed!
?[1;31m
Start test 27?[0m
How many mines do you want on the field? > 2
 |123456789|
-|---------|
1|.........|
2|.........|
3|.........|
4|.........|
5|.........|
6|.........|
7|.........|
8|.........|
9|.........|
-|---------|
Set/unset mines marks or claim a cell as free: 
> 3 8 free
 |123456789|
-|---------|
1|/////////|
2|/////1221|
3|/////1...|
4|/////1221|
5|/////////|
6|/////////|
7|/////////|
8|/////////|
9|/////////|
-|---------|
Set/unset mines marks or claim a cell as free: 
> 7 3 free
 |123456789|
-|---------|
1|/////////|
2|/////1221|
3|/////1XX.|
4|/////1221|
5|/////////|
6|/////////|
7|/////////|
8|/////////|
9|/////////|
-|---------|
You stepped on a mine and failed!
?[1;31m
Start test 28?[0m
How many mines do you want on the field? > 2
 |123456789|
-|---------|
1|.........|
2|.........|
3|.........|
4|.........|
5|.........|
6|.........|
7|.........|
8|.........|
9|.........|
-|---------|
Set/unset mines marks or claim a cell as free: 
> 5 9 mine
 |123456789|
-|---------|
1|.........|
2|.........|
3|.........|
4|.........|
5|.........|
6|.........|
7|.........|
8|.........|
9|....*....|
-|---------|
Set/unset mines marks or claim a cell as free: 
> 2 9 free
 |123456789|
-|---------|
1|////1.1//|
2|////1.1//|
3|////111//|
4|/////////|
5|/////////|
6|/////////|
7|///////11|
8|///////1.|
9|///////1.|
-|---------|
Set/unset mines marks or claim a cell as free: 
> 9 9 free
 |123456789|
-|---------|
1|////1.1//|
2|////1.1//|
3|////111//|
4|/////////|
5|/////////|
6|/////////|
7|///////11|
8|///////1.|
9|///////11|
-|---------|
Set/unset mines marks or claim a cell as free: 
> 6 1 free
rightMarks = 79
 |123456789|
-|---------|
1|////111//|
2|////1.1//|
3|////111//|
4|/////////|
5|/////////|
6|/////////|
7|///////11|
8|///////1.|
9|///////11|
-|---------|
Congratulations! You found all mines!
?[1;31m
Start test 29?[0m
How many mines do you want on the field? > 2
 |123456789|
-|---------|
1|.........|
2|.........|
3|.........|
4|.........|
5|.........|
6|.........|
7|.........|
8|.........|
9|.........|
-|---------|
Set/unset mines marks or claim a cell as free: 
> 2 3 free
 |123456789|
-|---------|
1|.........|
2|.........|
3|.1.......|
4|.........|
5|.........|
6|.........|
7|.........|
8|.........|
9|.........|
-|---------|
Set/unset mines marks or claim a cell as free: 
> 8 6 free
 |123456789|
-|---------|
1|/////1.1/|
2|/////111/|
3|111//////|
4|..1//////|
5|111//////|
6|/////////|
7|/////////|
8|/////////|
9|/////////|
-|---------|
Set/unset mines marks or claim a cell as free: 
> 7 1 free
 |123456789|
-|---------|
1|/////1X1/|
2|/////111/|
3|111//////|
4|.X1//////|
5|111//////|
6|/////////|
7|/////////|
8|/////////|
9|/////////|
-|---------|
You stepped on a mine and failed!
?[1;31m
Start test 30?[0m
How many mines do you want on the field? > 2
 |123456789|
-|---------|
1|.........|
2|.........|
3|.........|
4|.........|
5|.........|
6|.........|
7|.........|
8|.........|
9|.........|
-|---------|
Set/unset mines marks or claim a cell as free: 
> 8 2 mine
 |123456789|
-|---------|
1|.........|
2|.......*.|
3|.........|
4|.........|
5|.........|
6|.........|
7|.........|
8|.........|
9|.........|
-|---------|
Set/unset mines marks or claim a cell as free: 
> 8 2 mine
 |123456789|
-|---------|
1|.........|
2|.........|
3|.........|
4|.........|
5|.........|
6|.........|
7|.........|
8|.........|
9|.........|
-|---------|
Set/unset mines marks or claim a cell as free: 
> 8 6 mine
 |123456789|
-|---------|
1|.........|
2|.........|
3|.........|
4|.........|
5|.........|
6|.......*.|
7|.........|
8|.........|
9|.........|
-|---------|
Set/unset mines marks or claim a cell as free: 
> 4 1 free
rightMarks = 79
 |123456789|
-|---------|
1|/////////|
2|/111/////|
3|/1.1111//|
4|/1111.1//|
5|////111//|
6|/////////|
7|/////////|
8|/////////|
9|/////////|
-|---------|
Congratulations! You found all mines!
?[1;31m
Start test 31?[0m
How many mines do you want on the field? > 2
 |123456789|
-|---------|
1|.........|
2|.........|
3|.........|
4|.........|
5|.........|
6|.........|
7|.........|
8|.........|
9|.........|
-|---------|
Set/unset mines marks or claim a cell as free: 
> 1 1 mine
 |123456789|
-|---------|
1|*........|
2|.........|
3|.........|
4|.........|
5|.........|
6|.........|
7|.........|
8|.........|
9|.........|
-|---------|
Set/unset mines marks or claim a cell as free: 
> 7 6 mine
 |123456789|
-|---------|
1|*........|
2|.........|
3|.........|
4|.........|
5|.........|
6|......*..|
7|.........|
8|.........|
9|.........|
-|---------|
Set/unset mines marks or claim a cell as free: 
> 1 1 mine
 |123456789|
-|---------|
1|.........|
2|.........|
3|.........|
4|.........|
5|.........|
6|......*..|
7|.........|
8|.........|
9|.........|
-|---------|
Set/unset mines marks or claim a cell as free: 
> 4 2 mine
 |123456789|
-|---------|
1|.........|
2|...*.....|
3|.........|
4|.........|
5|.........|
6|......*..|
7|.........|
8|.........|
9|.........|
-|---------|
Set/unset mines marks or claim a cell as free: 
> 4 1 free
rightMarks = 79
 |123456789|
-|---------|
1|/////////|
2|///111///|
3|//12.1///|
4|//1.21///|
5|//111////|
6|/////////|
7|/////////|
8|/////////|
9|/////////|
-|---------|
Congratulations! You found all mines!
?[1;31m
Start test 32?[0m
How many mines do you want on the field? > 2
 |123456789|
-|---------|
1|.........|
2|.........|
3|.........|
4|.........|
5|.........|
6|.........|
7|.........|
8|.........|
9|.........|
-|---------|
Set/unset mines marks or claim a cell as free: 
> 2 4 free
rightMarks = 79
 |123456789|
-|---------|
1|/////////|
2|/////////|
3|/////////|
4|///111/11|
5|///1.1/1.|
6|///111/11|
7|/////////|
8|/////////|
9|/////////|
-|---------|
Congratulations! You found all mines!
?[1;31m
Start test 33?[0m
How many mines do you want on the field? > 2
 |123456789|
-|---------|
1|.........|
2|.........|
3|.........|
4|.........|
5|.........|
6|.........|
7|.........|
8|.........|
9|.........|
-|---------|
Set/unset mines marks or claim a cell as free: 
> 1 5 mine
 |123456789|
-|---------|
1|.........|
2|.........|
3|.........|
4|.........|
5|*........|
6|.........|
7|.........|
8|.........|
9|.........|
-|---------|
Set/unset mines marks or claim a cell as free: 
> 1 5 mine
 |123456789|
-|---------|
1|.........|
2|.........|
3|.........|
4|.........|
5|.........|
6|.........|
7|.........|
8|.........|
9|.........|
-|---------|
Set/unset mines marks or claim a cell as free: 
> 7 5 free
 |123456789|
-|---------|
1|/////////|
2|//111////|
3|//1.1////|
4|//111////|
5|/////////|
6|/////////|
7|//////111|
8|//////1..|
9|//////1..|
-|---------|
Set/unset mines marks or claim a cell as free: 
> 9 9 mine
 |123456789|
-|---------|
1|/////////|
2|//111////|
3|//1.1////|
4|//111////|
5|/////////|
6|/////////|
7|//////111|
8|//////1..|
9|//////1.*|
-|---------|
Set/unset mines marks or claim a cell as free: 
> 8 8 free
 |123456789|
-|---------|
1|/////////|
2|//111////|
3|//1X1////|
4|//111////|
5|/////////|
6|/////////|
7|//////111|
8|//////1X.|
9|//////1.*|
-|---------|
You stepped on a mine and failed!
?[1;31m
Start test 34?[0m
How many mines do you want on the field? > 2
 |123456789|
-|---------|
1|.........|
2|.........|
3|.........|
4|.........|
5|.........|
6|.........|
7|.........|
8|.........|
9|.........|
-|---------|
Set/unset mines marks or claim a cell as free: 
> 3 6 mine
 |123456789|
-|---------|
1|.........|
2|.........|
3|.........|
4|.........|
5|.........|
6|..*......|
7|.........|
8|.........|
9|.........|
-|---------|
Set/unset mines marks or claim a cell as free: 
> 3 6 mine
 |123456789|
-|---------|
1|.........|
2|.........|
3|.........|
4|.........|
5|.........|
6|.........|
7|.........|
8|.........|
9|.........|
-|---------|
Set/unset mines marks or claim a cell as free: 
> 7 1 free
 |123456789|
-|---------|
1|/////////|
2|/////////|
3|/////////|
4|///111///|
5|///1.1///|
6|///1.1///|
7|///1.1///|
8|///1.1///|
9|///1.1///|
-|---------|
Set/unset mines marks or claim a cell as free: 
> 5 6 mine
 |123456789|
-|---------|
1|/////////|
2|/////////|
3|/////////|
4|///111///|
5|///1.1///|
6|///1*1///|
7|///1.1///|
8|///1.1///|
9|///1.1///|
-|---------|
Set/unset mines marks or claim a cell as free: 
> 5 7 free
 |123456789|
-|---------|
1|/////////|
2|/////////|
3|/////////|
4|///111///|
5|///1.1///|
6|///1*1///|
7|///111///|
8|///1.1///|
9|///1.1///|
-|---------|
Set/unset mines marks or claim a cell as free: 
> 5 5 free
 |123456789|
-|---------|
1|/////////|
2|/////////|
3|/////////|
4|///111///|
5|///1X1///|
6|///1*1///|
7|///111///|
8|///1X1///|
9|///1.1///|
-|---------|
You stepped on a mine and failed!
rightMarks = 77
?[1;31m
Start test 35?[0m
How many mines do you want on the field? > 2
 |123456789|
-|---------|
1|.........|
2|.........|
3|.........|
4|.........|
5|.........|
6|.........|
7|.........|
8|.........|
9|.........|
-|---------|
Set/unset mines marks or claim a cell as free: 
> 4 8 free
 |123456789|
-|---------|
1|/////////|
2|/////////|
3|/////////|
4|111//////|
5|..1//////|
6|..2//////|
7|..1//////|
8|111//////|
9|/////////|
-|---------|
Set/unset mines marks or claim a cell as free: 
> 1 6 mine
 |123456789|
-|---------|
1|/////////|
2|/////////|
3|/////////|
4|111//////|
5|..1//////|
6|*.2//////|
7|..1//////|
8|111//////|
9|/////////|
-|---------|
Set/unset mines marks or claim a cell as free: 
> 2 6 free
 |123456789|
-|---------|
1|/////////|
2|/////////|
3|/////////|
4|111//////|
5|..1//////|
6|*22//////|
7|..1//////|
8|111//////|
9|/////////|
-|---------|
Set/unset mines marks or claim a cell as free: 
> 2 5 mine
 |123456789|
-|---------|
1|/////////|
2|/////////|
3|/////////|
4|111//////|
5|.*1//////|
6|*22//////|
7|..1//////|
8|111//////|
9|/////////|
-|---------|
Set/unset mines marks or claim a cell as free: 
> 2 7 free
 |123456789|
-|---------|
1|/////////|
2|/////////|
3|/////////|
4|111//////|
5|.X1//////|
6|*22//////|
7|.X1//////|
8|111//////|
9|/////////|
-|---------|
You stepped on a mine and failed!
?[1;31m
Start test 36?[0m
How many mines do you want on the field? > 2
 |123456789|
-|---------|
1|.........|
2|.........|
3|.........|
4|.........|
5|.........|
6|.........|
7|.........|
8|.........|
9|.........|
-|---------|
Set/unset mines marks or claim a cell as free: 
> 7 7 mine
 |123456789|
-|---------|
1|.........|
2|.........|
3|.........|
4|.........|
5|.........|
6|.........|
7|......*..|
8|.........|
9|.........|
-|---------|
Set/unset mines marks or claim a cell as free: 
> 7 7 mine
 |123456789|
-|---------|
1|.........|
2|.........|
3|.........|
4|.........|
5|.........|
6|.........|
7|.........|
8|.........|
9|.........|
-|---------|
Set/unset mines marks or claim a cell as free: 
> 7 8 mine
 |123456789|
-|---------|
1|.........|
2|.........|
3|.........|
4|.........|
5|.........|
6|.........|
7|.........|
8|......*..|
9|.........|
-|---------|
Set/unset mines marks or claim a cell as free: 
> 3 9 mine
 |123456789|
-|---------|
1|.........|
2|.........|
3|.........|
4|.........|
5|.........|
6|.........|
7|.........|
8|......*..|
9|..*......|
-|---------|
Set/unset mines marks or claim a cell as free: 
> 7 3 mine
 |123456789|
-|---------|
1|.........|
2|.........|
3|......*..|
4|.........|
5|.........|
6|.........|
7|.........|
8|......*..|
9|..*......|
-|---------|
Set/unset mines marks or claim a cell as free: 
> 7 1 free
 |123456789|
-|---------|
1|/////////|
2|/////////|
3|/////////|
4|//////111|
5|//////1..|
6|//////1..|
7|//////1..|
8|//////1..|
9|//////1..|
-|---------|
Set/unset mines marks or claim a cell as free: 
> 9 9 mine
 |123456789|
-|---------|
1|/////////|
2|/////////|
3|/////////|
4|//////111|
5|//////1..|
6|//////1..|
7|//////1..|
8|//////1..|
9|//////1.*|
-|---------|
Set/unset mines marks or claim a cell as free: 
> 9 8 free
 |123456789|
-|---------|
1|/////////|
2|/////////|
3|/////////|
4|//////111|
5|//////1..|
6|//////1..|
7|//////1..|
8|//////1.1|
9|//////1.*|
-|---------|
Set/unset mines marks or claim a cell as free: 
> 8 9 free
 |123456789|
-|---------|
1|/////////|
2|/////////|
3|/////////|
4|//////111|
5|//////1..|
6|//////1..|
7|//////1..|
8|//////1.1|
9|//////11*|
-|---------|
Set/unset mines marks or claim a cell as free: 
> 9 9 mine
 |123456789|
-|---------|
1|/////////|
2|/////////|
3|/////////|
4|//////111|
5|//////1..|
6|//////1..|
7|//////1..|
8|//////1.1|
9|//////11.|
-|---------|
Set/unset mines marks or claim a cell as free: 
> 8 6 free
 |123456789|
-|---------|
1|/////////|
2|/////////|
3|/////////|
4|//////111|
5|//////1..|
6|//////11.|
7|//////1..|
8|//////1.1|
9|//////11.|
-|---------|
Set/unset mines marks or claim a cell as free: 
> 9 5 free
 |123456789|
-|---------|
1|/////////|
2|/////////|
3|/////////|
4|//////111|
5|//////1.1|
6|//////11.|
7|//////1..|
8|//////1.1|
9|//////11.|
-|---------|
Set/unset mines marks or claim a cell as free: 
> 8 5 free
 |123456789|
-|---------|
1|/////////|
2|/////////|
3|/////////|
4|//////111|
5|//////1X1|
6|//////11.|
7|//////1..|
8|//////1X1|
9|//////11.|
-|---------|
You stepped on a mine and failed!
?[1;31m
Start test 37?[0m
How many mines do you want on the field? > 2
 |123456789|
-|---------|
1|.........|
2|.........|
3|.........|
4|.........|
5|.........|
6|.........|
7|.........|
8|.........|
9|.........|
-|---------|
Set/unset mines marks or claim a cell as free: 
> 7 3 free
rightMarks = 79
 |123456789|
-|---------|
1|////1.1//|
2|////111//|
3|/////////|
4|///////11|
5|///////1.|
6|///////11|
7|/////////|
8|/////////|
9|/////////|
-|---------|
Congratulations! You found all mines!
?[1;31m
Start test 38?[0m
How many mines do you want on the field? > 2
 |123456789|
-|---------|
1|.........|
2|.........|
3|.........|
4|.........|
5|.........|
6|.........|
7|.........|
8|.........|
9|.........|
-|---------|
Set/unset mines marks or claim a cell as free: 
> 1 2 free
 |123456789|
-|---------|
1|///1.1///|
2|///1.1///|
3|///111///|
4|/////////|
5|/////////|
6|/////////|
7|111//////|
8|..1//////|
9|..1//////|
-|---------|
Set/unset mines marks or claim a cell as free: 
> 5 1 mine
 |123456789|
-|---------|
1|///1*1///|
2|///1.1///|
3|///111///|
4|/////////|
5|/////////|
6|/////////|
7|111//////|
8|..1//////|
9|..1//////|
-|---------|
Set/unset mines marks or claim a cell as free: 
> 5 1 mine
 |123456789|
-|---------|
1|///1.1///|
2|///1.1///|
3|///111///|
4|/////////|
5|/////////|
6|/////////|
7|111//////|
8|..1//////|
9|..1//////|
-|---------|
Set/unset mines marks or claim a cell as free: 
> 2 8 mine
 |123456789|
-|---------|
1|///1.1///|
2|///1.1///|
3|///111///|
4|/////////|
5|/////////|
6|/////////|
7|111//////|
8|.*1//////|
9|..1//////|
-|---------|
Set/unset mines marks or claim a cell as free: 
> 1 9 mine
 |123456789|
-|---------|
1|///1.1///|
2|///1.1///|
3|///111///|
4|/////////|
5|/////////|
6|/////////|
7|111//////|
8|.*1//////|
9|*.1//////|
-|---------|
Set/unset mines marks or claim a cell as free: 
> 5 2 free
 |123456789|
-|---------|
1|///1.1///|
2|///1X1///|
3|///111///|
4|/////////|
5|/////////|
6|/////////|
7|111//////|
8|.X1//////|
9|*.1//////|
-|---------|
You stepped on a mine and failed!
?[1;31m
Start test 39?[0m
How many mines do you want on the field? > 2
 |123456789|
-|---------|
1|.........|
2|.........|
3|.........|
4|.........|
5|.........|
6|.........|
7|.........|
8|.........|
9|.........|
-|---------|
Set/unset mines marks or claim a cell as free: 
> 2 7 free
 |123456789|
-|---------|
1|/////////|
2|111//////|
3|..1//////|
4|111//////|
5|/////////|
6|///////11|
7|///////1.|
8|///////11|
9|/////////|
-|---------|
Set/unset mines marks or claim a cell as free: 
> 9 7 free
 |123456789|
-|---------|
1|/////////|
2|111//////|
3|.X1//////|
4|111//////|
5|/////////|
6|///////11|
7|///////1X|
8|///////11|
9|/////////|
-|---------|
You stepped on a mine and failed!
?[1;31m
Start test 40?[0m
How many mines do you want on the field? > 2
 |123456789|
-|---------|
1|.........|
2|.........|
3|.........|
4|.........|
5|.........|
6|.........|
7|.........|
8|.........|
9|.........|
-|---------|
Set/unset mines marks or claim a cell as free: 
> 2 5 mine
 |123456789|
-|---------|
1|.........|
2|.........|
3|.........|
4|.........|
5|.*.......|
6|.........|
7|.........|
8|.........|
9|.........|
-|---------|
Set/unset mines marks or claim a cell as free: 
> 3 3 free
rightMarks = 79
 |123456789|
-|---------|
1|/////////|
2|///////11|
3|///////1.|
4|///111/11|
5|///1.1///|
6|///111///|
7|/////////|
8|/////////|
9|/////////|
-|---------|
Congratulations! You found all mines!
?[1;31m
Start test 41?[0m
How many mines do you want on the field? > 3
 |123456789|
-|---------|
1|.........|
2|.........|
3|.........|
4|.........|
5|.........|
6|.........|
7|.........|
8|.........|
9|.........|
-|---------|
Set/unset mines marks or claim a cell as free: 
> 8 9 free
 |123456789|
-|---------|
1|/////1...|
2|/////1...|
3|11///11..|
4|.1////1..|
5|11////1..|
6|//////111|
7|/////////|
8|/////////|
9|/////////|
-|---------|
Set/unset mines marks or claim a cell as free: 
> 1 4 mine
 |123456789|
-|---------|
1|/////1...|
2|/////1...|
3|11///11..|
4|*1////1..|
5|11////1..|
6|//////111|
7|/////////|
8|/////////|
9|/////////|
-|---------|
Set/unset mines marks or claim a cell as free: 
> 9 4 mine
 |123456789|
-|---------|
1|/////1...|
2|/////1...|
3|11///11..|
4|*1////1.*|
5|11////1..|
6|//////111|
7|/////////|
8|/////////|
9|/////////|
-|---------|
Set/unset mines marks or claim a cell as free: 
> 9 3 mine
 |123456789|
-|---------|
1|/////1...|
2|/////1...|
3|11///11.*|
4|*1////1.*|
5|11////1..|
6|//////111|
7|/////////|
8|/////////|
9|/////////|
-|---------|
Set/unset mines marks or claim a cell as free: 
> 8 3 free
 |123456789|
-|---------|
1|/////1...|
2|/////1...|
3|11///111*|
4|*1////1.*|
5|11////1..|
6|//////111|
7|/////////|
8|/////////|
9|/////////|
-|---------|
Set/unset mines marks or claim a cell as free: 
> 7 1 mine
 |123456789|
-|---------|
1|/////1*..|
2|/////1...|
3|11///111*|
4|*1////1.*|
5|11////1..|
6|//////111|
7|/////////|
8|/////////|
9|/////////|
-|---------|
Set/unset mines marks or claim a cell as free: 
> 9 5 mine
 |123456789|
-|---------|
1|/////1*..|
2|/////1...|
3|11///111*|
4|*1////1.*|
5|11////1.*|
6|//////111|
7|/////////|
8|/////////|
9|/////////|
-|---------|
Set/unset mines marks or claim a cell as free: 
> 8 5 mine
 |123456789|
-|---------|
1|/////1*..|
2|/////1...|
3|11///111*|
4|*1////1.*|
5|11////1**|
6|//////111|
7|/////////|
8|/////////|
9|/////////|
-|---------|
Set/unset mines marks or claim a cell as free: 
> 8 2 free
 |123456789|
-|---------|
1|/////1*..|
2|/////1.1.|
3|11///111*|
4|*1////1.*|
5|11////1**|
6|//////111|
7|/////////|
8|/////////|
9|/////////|
-|---------|
Set/unset mines marks or claim a cell as free: 
> 9 1 free
 |123456789|
-|---------|
1|/////1*1/|
2|/////1.1/|
3|11///111/|
4|*1////111|
5|11////1**|
6|//////111|
7|/////////|
8|/////////|
9|/////////|
-|---------|
Set/unset mines marks or claim a cell as free: 
> 7 2 free
 |123456789|
-|---------|
1|/////1*1/|
2|/////1X1/|
3|11///111/|
4|X1////111|
5|11////1X*|
6|//////111|
7|/////////|
8|/////////|
9|/////////|
-|---------|
You stepped on a mine and failed!
?[1;31m
Start test 42?[0m
How many mines do you want on the field? > 3
 |123456789|
-|---------|
1|.........|
2|.........|
3|.........|
4|.........|
5|.........|
6|.........|
7|.........|
8|.........|
9|.........|
-|---------|
Set/unset mines marks or claim a cell as free: 
> 7 5 mine
 |123456789|
-|---------|
1|.........|
2|.........|
3|.........|
4|.........|
5|......*..|
6|.........|
7|.........|
8|.........|
9|.........|
-|---------|
Set/unset mines marks or claim a cell as free: 
> 7 5 mine
 |123456789|
-|---------|
1|.........|
2|.........|
3|.........|
4|.........|
5|.........|
6|.........|
7|.........|
8|.........|
9|.........|
-|---------|
Set/unset mines marks or claim a cell as free: 
> 8 2 free
 |123456789|
-|---------|
1|/////////|
2|////111//|
3|////1.1//|
4|////111//|
5|1221/////|
6|...1/////|
7|1221/////|
8|/////////|
9|/////////|
-|---------|
Set/unset mines marks or claim a cell as free: 
> 2 6 free
 |123456789|
-|---------|
1|/////////|
2|////111//|
3|////1X1//|
4|////111//|
5|1221/////|
6|.XX1/////|
7|1221/////|
8|/////////|
9|/////////|
-|---------|
You stepped on a mine and failed!
?[1;31m
Start test 43?[0m
How many mines do you want on the field? > 3
 |123456789|
-|---------|
1|.........|
2|.........|
3|.........|
4|.........|
5|.........|
6|.........|
7|.........|
8|.........|
9|.........|
-|---------|
Set/unset mines marks or claim a cell as free: 
> 4 5 free
 |123456789|
-|---------|
1|/////////|
2|////111//|
3|////1.1//|
4|////111//|
5|/////////|
6|/////////|
7|//111111/|
8|//1....1/|
9|//1....1/|
-|---------|
Set/unset mines marks or claim a cell as free: 
> 5 9 mine
 |123456789|
-|---------|
1|/////////|
2|////111//|
3|////1.1//|
4|////111//|
5|/////////|
6|/////////|
7|//111111/|
8|//1....1/|
9|//1.*..1/|
-|---------|
Set/unset mines marks or claim a cell as free: 
> 6 8 free
 |123456789|
-|---------|
1|/////////|
2|////111//|
3|////1.1//|
4|////111//|
5|/////////|
6|/////////|
7|//111111/|
8|//1..1.1/|
9|//1.*..1/|
-|---------|
Set/unset mines marks or claim a cell as free: 
> 4 8 mine
 |123456789|
-|---------|
1|/////////|
2|////111//|
3|////1.1//|
4|////111//|
5|/////////|
6|/////////|
7|//111111/|
8|//1*.1.1/|
9|//1.*..1/|
-|---------|
Set/unset mines marks or claim a cell as free: 
> 5 9 mine
 |123456789|
-|---------|
1|/////////|
2|////111//|
3|////1.1//|
4|////111//|
5|/////////|
6|/////////|
7|//111111/|
8|//1*.1.1/|
9|//1....1/|
-|---------|
Set/unset mines marks or claim a cell as free: 
> 4 9 free
 |123456789|
-|---------|
1|/////////|
2|////111//|
3|////1.1//|
4|////111//|
5|/////////|
6|/////////|
7|//111111/|
8|//1*.1.1/|
9|//11...1/|
-|---------|
Set/unset mines marks or claim a cell as free: 
> 6 9 mine
 |123456789|
-|---------|
1|/////////|
2|////111//|
3|////1.1//|
4|////111//|
5|/////////|
6|/////////|
7|//111111/|
8|//1*.1.1/|
9|//11.*.1/|
-|---------|
Set/unset mines marks or claim a cell as free: 
> 5 9 mine
 |123456789|
-|---------|
1|/////////|
2|////111//|
3|////1.1//|
4|////111//|
5|/////////|
6|/////////|
7|//111111/|
8|//1*.1.1/|
9|//11**.1/|
-|---------|
Set/unset mines marks or claim a cell as free: 
> 7 8 free
 |123456789|
-|---------|
1|/////////|
2|////111//|
3|////1X1//|
4|////111//|
5|/////////|
6|/////////|
7|//111111/|
8|//1X.1X1/|
9|//11**.1/|
-|---------|
You stepped on a mine and failed!
?[1;31m
Start test 44?[0m
How many mines do you want on the field? > 3
 |123456789|
-|---------|
1|.........|
2|.........|
3|.........|
4|.........|
5|.........|
6|.........|
7|.........|
8|.........|
9|.........|
-|---------|
Set/unset mines marks or claim a cell as free: 
> 3 8 mine
 |123456789|
-|---------|
1|.........|
2|.........|
3|.........|
4|.........|
5|.........|
6|.........|
7|.........|
8|..*......|
9|.........|
-|---------|
Set/unset mines marks or claim a cell as free: 
> 7 8 free
 |123456789|
-|---------|
1|/1.1/////|
2|/2.2/////|
3|/1.1/////|
4|/111/////|
5|/////////|
6|/////////|
7|//111////|
8|//1.1////|
9|//1.1////|
-|---------|
Set/unset mines marks or claim a cell as free: 
> 3 1 mine
 |123456789|
-|---------|
1|/1*1/////|
2|/2.2/////|
3|/1.1/////|
4|/111/////|
5|/////////|
6|/////////|
7|//111////|
8|//1.1////|
9|//1.1////|
-|---------|
Set/unset mines marks or claim a cell as free: 
> 4 8 free
 |123456789|
-|---------|
1|/1X1/////|
2|/2.2/////|
3|/1X1/////|
4|/111/////|
5|/////////|
6|/////////|
7|//111////|
8|//1X1////|
9|//1.1////|
-|---------|
You stepped on a mine and failed!
?[1;31m
Start test 45?[0m
How many mines do you want on the field? > 3
 |123456789|
-|---------|
1|.........|
2|.........|
3|.........|
4|.........|
5|.........|
6|.........|
7|.........|
8|.........|
9|.........|
-|---------|
Set/unset mines marks or claim a cell as free: 
> 8 9 free
 |123456789|
-|---------|
1|///////1.|
2|///////1.|
3|///////11|
4|/////////|
5|//111////|
6|//1.21///|
7|//12.1///|
8|///111///|
9|/////////|
-|---------|
Set/unset mines marks or claim a cell as free: 
> 9 1 mine
 |123456789|
-|---------|
1|///////1*|
2|///////1.|
3|///////11|
4|/////////|
5|//111////|
6|//1.21///|
7|//12.1///|
8|///111///|
9|/////////|
-|---------|
Set/unset mines marks or claim a cell as free: 
> 4 6 free
 |123456789|
-|---------|
1|///////1*|
2|///////1X|
3|///////11|
4|/////////|
5|//111////|
6|//1X21///|
7|//12X1///|
8|///111///|
9|/////////|
-|---------|
You stepped on a mine and failed!
?[1;31m
Start test 46?[0m
How many mines do you want on the field? > 3
 |123456789|
-|---------|
1|.........|
2|.........|
3|.........|
4|.........|
5|.........|
6|.........|
7|.........|
8|.........|
9|.........|
-|---------|
Set/unset mines marks or claim a cell as free: 
> 4 6 mine
 |123456789|
-|---------|
1|.........|
2|.........|
3|.........|
4|.........|
5|.........|
6|...*.....|
7|.........|
8|.........|
9|.........|
-|---------|
Set/unset mines marks or claim a cell as free: 
> 4 6 mine
 |123456789|
-|---------|
1|.........|
2|.........|
3|.........|
4|.........|
5|.........|
6|.........|
7|.........|
8|.........|
9|.........|
-|---------|
Set/unset mines marks or claim a cell as free: 
> 8 9 free
rightMarks = 78
 |123456789|
-|---------|
1|/////////|
2|////111//|
3|////1.1//|
4|111/111//|
5|..1//////|
6|111//////|
7|/////////|
8|/////////|
9|/////////|
-|---------|
Congratulations! You found all mines!
?[1;31m
Start test 47?[0m
How many mines do you want on the field? > 3
 |123456789|
-|---------|
1|.........|
2|.........|
3|.........|
4|.........|
5|.........|
6|.........|
7|.........|
8|.........|
9|.........|
-|---------|
Set/unset mines marks or claim a cell as free: 
> 3 8 mine
 |123456789|
-|---------|
1|.........|
2|.........|
3|.........|
4|.........|
5|.........|
6|.........|
7|.........|
8|..*......|
9|.........|
-|---------|
Set/unset mines marks or claim a cell as free: 
> 3 8 mine
 |123456789|
-|---------|
1|.........|
2|.........|
3|.........|
4|.........|
5|.........|
6|.........|
7|.........|
8|.........|
9|.........|
-|---------|
Set/unset mines marks or claim a cell as free: 
> 8 9 free
 |123456789|
-|---------|
1|/////////|
2|////11111|
3|///12....|
4|///1.2111|
5|///111///|
6|/////////|
7|/////////|
8|/////////|
9|/////////|
-|---------|
Set/unset mines marks or claim a cell as free: 
> 9 3 free
 |123456789|
-|---------|
1|/////////|
2|////11111|
3|///12X..X|
4|///1X2111|
5|///111///|
6|/////////|
7|/////////|
8|/////////|
9|/////////|
-|---------|
You stepped on a mine and failed!
?[1;31m
Start test 48?[0m
How many mines do you want on the field? > 3
 |123456789|
-|---------|
1|.........|
2|.........|
3|.........|
4|.........|
5|.........|
6|.........|
7|.........|
8|.........|
9|.........|
-|---------|
Set/unset mines marks or claim a cell as free: 
> 7 7 free
 |123456789|
-|---------|
1|.........|
2|.........|
3|.........|
4|.........|
5|.........|
6|.........|
7|......1..|
8|.........|
9|.........|
-|---------|
Set/unset mines marks or claim a cell as free: 
> 7 2 mine
 |123456789|
-|---------|
1|.........|
2|......*..|
3|.........|
4|.........|
5|.........|
6|.........|
7|......1..|
8|.........|
9|.........|
-|---------|
Set/unset mines marks or claim a cell as free: 
> 7 2 mine
 |123456789|
-|---------|
1|.........|
2|.........|
3|.........|
4|.........|
5|.........|
6|.........|
7|......1..|
8|.........|
9|.........|
-|---------|
Set/unset mines marks or claim a cell as free: 
> 8 2 free
 |123456789|
-|---------|
1|.1///////|
2|.1///////|
3|11/111///|
4|///1.1///|
5|///11211/|
6|/////1.1/|
7|/////111/|
8|/////////|
9|/////////|
-|---------|
Set/unset mines marks or claim a cell as free: 
> 5 4 free
 |123456789|
-|---------|
1|.1///////|
2|X1///////|
3|11/111///|
4|///1X1///|
5|///11211/|
6|/////1X1/|
7|/////111/|
8|/////////|
9|/////////|
-|---------|
You stepped on a mine and failed!
?[1;31m
Start test 49?[0m
How many mines do you want on the field? > 3
 |123456789|
-|---------|
1|.........|
2|.........|
3|.........|
4|.........|
5|.........|
6|.........|
7|.........|
8|.........|
9|.........|
-|---------|
Set/unset mines marks or claim a cell as free: 
> 2 6 free
rightMarks = 78
 |123456789|
-|---------|
1|/////////|
2|///111///|
3|///1.21//|
4|///12.1//|
5|////111//|
6|/////////|
7|/////////|
8|//111////|
9|//1.1////|
-|---------|
Congratulations! You found all mines!
?[1;31m
Start test 50?[0m
How many mines do you want on the field? > 3
 |123456789|
-|---------|
1|.........|
2|.........|
3|.........|
4|.........|
5|.........|
6|.........|
7|.........|
8|.........|
9|.........|
-|---------|
Set/unset mines marks or claim a cell as free: 
> 9 5 free
 |123456789|
-|---------|
1|.....1///|
2|.....2///|
3|.....2///|
4|111111///|
5|/////////|
6|/////////|
7|/////////|
8|/////////|
9|/////////|
-|---------|
Set/unset mines marks or claim a cell as free: 
> 5 2 free
 |123456789|
-|---------|
1|.....1///|
2|....X2///|
3|.X..X2///|
4|111111///|
5|/////////|
6|/////////|
7|/////////|
8|/////////|
9|/////////|
-|---------|
You stepped on a mine and failed!
?[1;31m
Start test 51?[0m
How many mines do you want on the field? > 3
 |123456789|
-|---------|
1|.........|
2|.........|
3|.........|
4|.........|
5|.........|
6|.........|
7|.........|
8|.........|
9|.........|
-|---------|
Set/unset mines marks or claim a cell as free: 
> 5 4 free
 |123456789|
-|---------|
1|/////////|
2|/////////|
3|//////111|
4|//////1..|
5|//////1..|
6|//////1..|
7|////112..|
8|////1....|
9|////1....|
-|---------|
Set/unset mines marks or claim a cell as free: 
> 6 8 mine
 |123456789|
-|---------|
1|/////////|
2|/////////|
3|//////111|
4|//////1..|
5|//////1..|
6|//////1..|
7|////112..|
8|////1*...|
9|////1....|
-|---------|
Set/unset mines marks or claim a cell as free: 
> 7 9 free
 |123456789|
-|---------|
1|/////////|
2|/////////|
3|//////111|
4|//////1..|
5|//////1..|
6|//////1..|
7|////112..|
8|////1*...|
9|////1.1..|
-|---------|
Set/unset mines marks or claim a cell as free: 
> 8 8 mine
 |123456789|
-|---------|
1|/////////|
2|/////////|
3|//////111|
4|//////1..|
5|//////1..|
6|//////1..|
7|////112..|
8|////1*.*.|
9|////1.1..|
-|---------|
Set/unset mines marks or claim a cell as free: 
> 8 4 free
 |123456789|
-|---------|
1|/////////|
2|/////////|
3|//////111|
4|//////1X.|
5|//////1..|
6|//////1..|
7|////112X.|
8|////1X.*.|
9|////1.1..|
-|---------|
You stepped on a mine and failed!
?[1;31m
Start test 52?[0m
How many mines do you want on the field? > 3
 |123456789|
-|---------|
1|.........|
2|.........|
3|.........|
4|.........|
5|.........|
6|.........|
7|.........|
8|.........|
9|.........|
-|---------|
Set/unset mines marks or claim a cell as free: 
> 6 4 mine
 |123456789|
-|---------|
1|.........|
2|.........|
3|.........|
4|.....*...|
5|.........|
6|.........|
7|.........|
8|.........|
9|.........|
-|---------|
Set/unset mines marks or claim a cell as free: 
> 2 1 free
 |123456789|
-|---------|
1|/////////|
2|/////////|
3|/////////|
4|/////////|
5|/////////|
6|/111//111|
7|/1.1//1..|
8|/111//2..|
9|//////1..|
-|---------|
Set/unset mines marks or claim a cell as free: 
> 8 7 mine
 |123456789|
-|---------|
1|/////////|
2|/////////|
3|/////////|
4|/////////|
5|/////////|
6|/111//111|
7|/1.1//1*.|
8|/111//2..|
9|//////1..|
-|---------|
Set/unset mines marks or claim a cell as free: 
> 8 9 free
 |123456789|
-|---------|
1|/////////|
2|/////////|
3|/////////|
4|/////////|
5|/////////|
6|/111//111|
7|/1X1//1X.|
8|/111//2..|
9|//////1X.|
-|---------|
You stepped on a mine and failed!
?[1;31m
Start test 53?[0m
How many mines do you want on the field? > 3
 |123456789|
-|---------|
1|.........|
2|.........|
3|.........|
4|.........|
5|.........|
6|.........|
7|.........|
8|.........|
9|.........|
-|---------|
Set/unset mines marks or claim a cell as free: 
> 5 6 free
 |123456789|
-|---------|
1|.........|
2|.........|
3|.........|
4|.........|
5|.........|
6|....1....|
7|.........|
8|.........|
9|.........|
-|---------|
Set/unset mines marks or claim a cell as free: 
> 1 8 mine
 |123456789|
-|---------|
1|.........|
2|.........|
3|.........|
4|.........|
5|.........|
6|....1....|
7|.........|
8|*........|
9|.........|
-|---------|
Set/unset mines marks or claim a cell as free: 
> 1 5 free
 |123456789|
-|---------|
1|///////1.|
2|/111///1.|
3|/1.1///11|
4|/111/////|
5|/////////|
6|///111///|
7|///1.1///|
8|///111///|
9|/////////|
-|---------|
Set/unset mines marks or claim a cell as free: 
> 3 3 mine
 |123456789|
-|---------|
1|///////1.|
2|/111///1.|
3|/1*1///11|
4|/111/////|
5|/////////|
6|///111///|
7|///1.1///|
8|///111///|
9|/////////|
-|---------|
Set/unset mines marks or claim a cell as free: 
> 9 2 mine
 |123456789|
-|---------|
1|///////1.|
2|/111///1*|
3|/1*1///11|
4|/111/////|
5|/////////|
6|///111///|
7|///1.1///|
8|///111///|
9|/////////|
-|---------|
Set/unset mines marks or claim a cell as free: 
> 9 1 mine
 |123456789|
-|---------|
1|///////1*|
2|/111///1*|
3|/1*1///11|
4|/111/////|
5|/////////|
6|///111///|
7|///1.1///|
8|///111///|
9|/////////|
-|---------|
Set/unset mines marks or claim a cell as free: 
> 3 3 mine
 |123456789|
-|---------|
1|///////1*|
2|/111///1*|
3|/1.1///11|
4|/111/////|
5|/////////|
6|///111///|
7|///1.1///|
8|///111///|
9|/////////|
-|---------|
Set/unset mines marks or claim a cell as free: 
> 3 3 free
 |123456789|
-|---------|
1|///////1*|
2|/111///1X|
3|/1X1///11|
4|/111/////|
5|/////////|
6|///111///|
7|///1X1///|
8|///111///|
9|/////////|
-|---------|
You stepped on a mine and failed!
?[1;31m
Start test 54?[0m
How many mines do you want on the field? > 3
 |123456789|
-|---------|
1|.........|
2|.........|
3|.........|
4|.........|
5|.........|
6|.........|
7|.........|
8|.........|
9|.........|
-|---------|
Set/unset mines marks or claim a cell as free: 
> 3 3 mine
 |123456789|
-|---------|
1|.........|
2|.........|
3|..*......|
4|.........|
5|.........|
6|.........|
7|.........|
8|.........|
9|.........|
-|---------|
Set/unset mines marks or claim a cell as free: 
> 8 5 free
 |123456789|
-|---------|
1|.........|
2|.........|
3|..*......|
4|.........|
5|.......1.|
6|.........|
7|.........|
8|.........|
9|.........|
-|---------|
Set/unset mines marks or claim a cell as free: 
> 4 8 free
 |123456789|
-|---------|
1|/////////|
2|/////////|
3|/////////|
4|////111//|
5|////1.21/|
6|////12.1/|
7|/////1221|
8|//////1..|
9|//////1..|
-|---------|
Set/unset mines marks or claim a cell as free: 
> 6 5 free
 |123456789|
-|---------|
1|/////////|
2|/////////|
3|/////////|
4|////111//|
5|////1X21/|
6|////12X1/|
7|/////1221|
8|//////1X.|
9|//////1..|
-|---------|
You stepped on a mine and failed!
rightMarks = 75
?[1;31m
Start test 55?[0m
How many mines do you want on the field? > 3
 |123456789|
-|---------|
1|.........|
2|.........|
3|.........|
4|.........|
5|.........|
6|.........|
7|.........|
8|.........|
9|.........|
-|---------|
Set/unset mines marks or claim a cell as free: 
> 3 6 mine
 |123456789|
-|---------|
1|.........|
2|.........|
3|.........|
4|.........|
5|.........|
6|..*......|
7|.........|
8|.........|
9|.........|
-|---------|
Set/unset mines marks or claim a cell as free: 
> 3 6 mine
 |123456789|
-|---------|
1|.........|
2|.........|
3|.........|
4|.........|
5|.........|
6|.........|
7|.........|
8|.........|
9|.........|
-|---------|
Set/unset mines marks or claim a cell as free: 
> 8 1 free
 |123456789|
-|---------|
1|.......1.|
2|.........|
3|.........|
4|.........|
5|.........|
6|.........|
7|.........|
8|.........|
9|.........|
-|---------|
Set/unset mines marks or claim a cell as free: 
> 2 3 mine
 |123456789|
-|---------|
1|.......1.|
2|.........|
3|.*.......|
4|.........|
5|.........|
6|.........|
7|.........|
8|.........|
9|.........|
-|---------|
Set/unset mines marks or claim a cell as free: 
> 1 9 free
 |123456789|
-|---------|
1|.......1.|
2|.........|
3|.*.......|
4|.........|
5|.........|
6|.........|
7|.........|
8|.........|
9|1........|
-|---------|
Set/unset mines marks or claim a cell as free: 
> 8 9 mine
 |123456789|
-|---------|
1|.......1.|
2|.........|
3|.*.......|
4|.........|
5|.........|
6|.........|
7|.........|
8|.........|
9|1......*.|
-|---------|
Set/unset mines marks or claim a cell as free: 
> 5 1 free
 |123456789|
-|---------|
1|/1.1/1.1/|
2|/1.1/1.1/|
3|/111/111/|
4|/////////|
5|/////////|
6|/////////|
7|111//////|
8|..1//////|
9|1.1//////|
-|---------|
Set/unset mines marks or claim a cell as free: 
> 3 2 free
 |123456789|
-|---------|
1|/1.1/1.1/|
2|/1X1/1X1/|
3|/111/111/|
4|/////////|
5|/////////|
6|/////////|
7|111//////|
8|.X1//////|
9|1.1//////|
-|---------|
You stepped on a mine and failed!
?[1;31m
Start test 56?[0m
How many mines do you want on the field? > 3
 |123456789|
-|---------|
1|.........|
2|.........|
3|.........|
4|.........|
5|.........|
6|.........|
7|.........|
8|.........|
9|.........|
-|---------|
Set/unset mines marks or claim a cell as free: 
> 2 9 mine
 |123456789|
-|---------|
1|.........|
2|.........|
3|.........|
4|.........|
5|.........|
6|.........|
7|.........|
8|.........|
9|.*.......|
-|---------|
Set/unset mines marks or claim a cell as free: 
> 4 2 mine
 |123456789|
-|---------|
1|.........|
2|...*.....|
3|.........|
4|.........|
5|.........|
6|.........|
7|.........|
8|.........|
9|.*.......|
-|---------|
Set/unset mines marks or claim a cell as free: 
> 2 9 mine
 |123456789|
-|---------|
1|.........|
2|...*.....|
3|.........|
4|.........|
5|.........|
6|.........|
7|.........|
8|.........|
9|.........|
-|---------|
Set/unset mines marks or claim a cell as free: 
> 2 6 free
 |123456789|
-|---------|
1|/////////|
2|/////////|
3|/////////|
4|/////////|
5|///////11|
6|///////1.|
7|///////1.|
8|/111//11.|
9|/1.1//1..|
-|---------|
Set/unset mines marks or claim a cell as free: 
> 9 8 free
 |123456789|
-|---------|
1|/////////|
2|/////////|
3|/////////|
4|/////////|
5|///////11|
6|///////1.|
7|///////1.|
8|/111//111|
9|/1.1//1..|
-|---------|
Set/unset mines marks or claim a cell as free: 
> 3 9 mine
 |123456789|
-|---------|
1|/////////|
2|/////////|
3|/////////|
4|/////////|
5|///////11|
6|///////1.|
7|///////1.|
8|/111//111|
9|/1*1//1..|
-|---------|
Set/unset mines marks or claim a cell as free: 
> 9 9 free
 |123456789|
-|---------|
1|/////////|
2|/////////|
3|/////////|
4|/////////|
5|///////11|
6|///////1.|
7|///////1.|
8|/111//111|
9|/1*1//1.1|
-|---------|
Set/unset mines marks or claim a cell as free: 
> 9 6 free
 |123456789|
-|---------|
1|/////////|
2|/////////|
3|/////////|
4|/////////|
5|///////11|
6|///////1X|
7|///////1.|
8|/111//111|
9|/1X1//1X1|
-|---------|
You stepped on a mine and failed!
?[1;31m
Start test 57?[0m
How many mines do you want on the field? > 3
 |123456789|
-|---------|
1|.........|
2|.........|
3|.........|
4|.........|
5|.........|
6|.........|
7|.........|
8|.........|
9|.........|
-|---------|
Set/unset mines marks or claim a cell as free: 
> 6 7 mine
 |123456789|
-|---------|
1|.........|
2|.........|
3|.........|
4|.........|
5|.........|
6|.........|
7|.....*...|
8|.........|
9|.........|
-|---------|
Set/unset mines marks or claim a cell as free: 
> 6 7 mine
 |123456789|
-|---------|
1|.........|
2|.........|
3|.........|
4|.........|
5|.........|
6|.........|
7|.........|
8|.........|
9|.........|
-|---------|
Set/unset mines marks or claim a cell as free: 
> 9 2 mine
 |123456789|
-|---------|
1|.........|
2|........*|
3|.........|
4|.........|
5|.........|
6|.........|
7|.........|
8|.........|
9|.........|
-|---------|
Set/unset mines marks or claim a cell as free: 
> 3 6 free
 |123456789|
-|---------|
1|.........|
2|........*|
3|.........|
4|.........|
5|.........|
6|..2......|
7|.........|
8|.........|
9|.........|
-|---------|
Set/unset mines marks or claim a cell as free: 
> 8 6 free
 |123456789|
-|---------|
1|//////1..|
2|//////111|
3|/////////|
4|//111////|
5|//1.1////|
6|11211////|
7|..1//////|
8|111//////|
9|/////////|
-|---------|
Set/unset mines marks or claim a cell as free: 
> 4 5 free
 |123456789|
-|---------|
1|//////1X.|
2|//////111|
3|/////////|
4|//111////|
5|//1X1////|
6|11211////|
7|.X1//////|
8|111//////|
9|/////////|
-|---------|
You stepped on a mine and failed!
?[1;31m
Start test 58?[0m
How many mines do you want on the field? > 3
 |123456789|
-|---------|
1|.........|
2|.........|
3|.........|
4|.........|
5|.........|
6|.........|
7|.........|
8|.........|
9|.........|
-|---------|
Set/unset mines marks or claim a cell as free: 
> 8 4 free
 |123456789|
-|---------|
1|....1////|
2|....1////|
3|...11////|
4|...1/////|
5|...1/////|
6|1211/////|
7|/////////|
8|/////////|
9|/////////|
-|---------|
Set/unset mines marks or claim a cell as free: 
> 2 3 mine
 |123456789|
-|---------|
1|....1////|
2|....1////|
3|.*.11////|
4|...1/////|
5|...1/////|
6|1211/////|
7|/////////|
8|/////////|
9|/////////|
-|---------|
Set/unset mines marks or claim a cell as free: 
> 2 1 free
 |123456789|
-|---------|
1|//1.1////|
2|//1.1////|
3|//111////|
4|1211/////|
5|...1/////|
6|1211/////|
7|/////////|
8|/////////|
9|/////////|
-|---------|
Set/unset mines marks or claim a cell as free: 
> 4 2 free
 |123456789|
-|---------|
1|//1.1////|
2|//1X1////|
3|//111////|
4|1211/////|
5|X.X1/////|
6|1211/////|
7|/////////|
8|/////////|
9|/////////|
-|---------|
You stepped on a mine and failed!
?[1;31m
Start test 59?[0m
How many mines do you want on the field? > 3
 |123456789|
-|---------|
1|.........|
2|.........|
3|.........|
4|.........|
5|.........|
6|.........|
7|.........|
8|.........|
9|.........|
-|---------|
Set/unset mines marks or claim a cell as free: 
> 2 6 free
 |123456789|
-|---------|
1|.........|
2|.........|
3|.........|
4|.........|
5|.........|
6|.1.......|
7|.........|
8|.........|
9|.........|
-|---------|
Set/unset mines marks or claim a cell as free: 
> 8 4 free
 |123456789|
-|---------|
1|.........|
2|.........|
3|.........|
4|.......1.|
5|.........|
6|.1.......|
7|.........|
8|.........|
9|.........|
-|---------|
Set/unset mines marks or claim a cell as free: 
> 7 8 mine
 |123456789|
-|---------|
1|.........|
2|.........|
3|.........|
4|.......1.|
5|.........|
6|.1.......|
7|.........|
8|......*..|
9|.........|
-|---------|
Set/unset mines marks or claim a cell as free: 
> 7 9 free
 |123456789|
-|---------|
1|.........|
2|.........|
3|.........|
4|.......1.|
5|.........|
6|.1.......|
7|.........|
8|......*..|
9|......1..|
-|---------|
Set/unset mines marks or claim a cell as free: 
> 7 8 mine
 |123456789|
-|---------|
1|.........|
2|.........|
3|.........|
4|.......1.|
5|.........|
6|.1.......|
7|.........|
8|.........|
9|......1..|
-|---------|
Set/unset mines marks or claim a cell as free: 
> 2 8 free
 |123456789|
-|---------|
1|/////////|
2|/////////|
3|/////////|
4|/////111/|
5|11///1.1/|
6|.1///111/|
7|11//111//|
8|////1.1//|
9|////1.1//|
-|---------|
Set/unset mines marks or claim a cell as free: 
> 1 6 free
 |123456789|
-|---------|
1|/////////|
2|/////////|
3|/////////|
4|/////111/|
5|11///1X1/|
6|X1///111/|
7|11//111//|
8|////1X1//|
9|////1.1//|
-|---------|
You stepped on a mine and failed!
?[1;31m
Start test 60?[0m
How many mines do you want on the field? > 3
 |123456789|
-|---------|
1|.........|
2|.........|
3|.........|
4|.........|
5|.........|
6|.........|
7|.........|
8|.........|
9|.........|
-|---------|
Set/unset mines marks or claim a cell as free: 
> 2 6 free
 |123456789|
-|---------|
1|/////////|
2|//////111|
3|//////1..|
4|//////111|
5|/////////|
6|/////////|
7|//////111|
8|/111//1..|
9|/1.1//1..|
-|---------|
Set/unset mines marks or claim a cell as free: 
> 8 8 mine
 |123456789|
-|---------|
1|/////////|
2|//////111|
3|//////1..|
4|//////111|
5|/////////|
6|/////////|
7|//////111|
8|/111//1*.|
9|/1.1//1..|
-|---------|
Set/unset mines marks or claim a cell as free: 
> 3 9 free
 |123456789|
-|---------|
1|/////////|
2|//////111|
3|//////1X.|
4|//////111|
5|/////////|
6|/////////|
7|//////111|
8|/111//1X.|
9|/1X1//1..|
-|---------|
You stepped on a mine and failed!
?[1;31m
Start test 61?[0m
How many mines do you want on the field? > 4
 |123456789|
-|---------|
1|.........|
2|.........|
3|.........|
4|.........|
5|.........|
6|.........|
7|.........|
8|.........|
9|.........|
-|---------|
Set/unset mines marks or claim a cell as free: 
> 1 6 free
 |123456789|
-|---------|
1|.........|
2|.........|
3|.........|
4|.........|
5|.........|
6|1........|
7|.........|
8|.........|
9|.........|
-|---------|
Set/unset mines marks or claim a cell as free: 
> 9 8 mine
 |123456789|
-|---------|
1|.........|
2|.........|
3|.........|
4|.........|
5|.........|
6|1........|
7|.........|
8|........*|
9|.........|
-|---------|
Set/unset mines marks or claim a cell as free: 
> 9 8 mine
 |123456789|
-|---------|
1|.........|
2|.........|
3|.........|
4|.........|
5|.........|
6|1........|
7|.........|
8|.........|
9|.........|
-|---------|
Set/unset mines marks or claim a cell as free: 
> 5 4 free
 |123456789|
-|---------|
1|/////////|
2|111//////|
3|..1//////|
4|111//////|
5|/////////|
6|11///////|
7|.1////111|
8|11////2..|
9|//////2..|
-|---------|
Set/unset mines marks or claim a cell as free: 
> 2 3 mine
 |123456789|
-|---------|
1|/////////|
2|111//////|
3|.*1//////|
4|111//////|
5|/////////|
6|11///////|
7|.1////111|
8|11////2..|
9|//////2..|
-|---------|
Set/unset mines marks or claim a cell as free: 
> 8 9 free
 |123456789|
-|---------|
1|/////////|
2|111//////|
3|.X1//////|
4|111//////|
5|/////////|
6|11///////|
7|X1////111|
8|11////2X.|
9|//////2X.|
-|---------|
You stepped on a mine and failed!
?[1;31m
Start test 62?[0m
How many mines do you want on the field? > 4
 |123456789|
-|---------|
1|.........|
2|.........|
3|.........|
4|.........|
5|.........|
6|.........|
7|.........|
8|.........|
9|.........|
-|---------|
Set/unset mines marks or claim a cell as free: 
> 3 9 free
 |123456789|
-|---------|
1|.........|
2|.........|
3|.........|
4|.........|
5|.........|
6|.........|
7|.........|
8|.........|
9|..1......|
-|---------|
Set/unset mines marks or claim a cell as free: 
> 5 5 mine
 |123456789|
-|---------|
1|.........|
2|.........|
3|.........|
4|.........|
5|....*....|
6|.........|
7|.........|
8|.........|
9|..1......|
-|---------|
Set/unset mines marks or claim a cell as free: 
> 6 2 free
 |123456789|
-|---------|
1|/////////|
2|/////////|
3|/////////|
4|/////////|
5|111//////|
6|..1////11|
7|..21///1.|
8|...1///11|
9|..11/////|
-|---------|
Set/unset mines marks or claim a cell as free: 
> 9 7 free
 |123456789|
-|---------|
1|/////////|
2|/////////|
3|/////////|
4|/////////|
5|111//////|
6|.X1////11|
7|..21///1X|
8|..X1///11|
9|..11/////|
-|---------|
You stepped on a mine and failed!
?[1;31m
Start test 63?[0m
How many mines do you want on the field? > 4
 |123456789|
-|---------|
1|.........|
2|.........|
3|.........|
4|.........|
5|.........|
6|.........|
7|.........|
8|.........|
9|.........|
-|---------|
Set/unset mines marks or claim a cell as free: 
> 3 5 free
 |123456789|
-|---------|
1|.........|
2|.........|
3|.........|
4|.........|
5|..1......|
6|.........|
7|.........|
8|.........|
9|.........|
-|---------|
Set/unset mines marks or claim a cell as free: 
> 6 2 free
 |123456789|
-|---------|
1|.........|
2|.....1...|
3|.........|
4|.........|
5|..1......|
6|.........|
7|.........|
8|.........|
9|.........|
-|---------|
Set/unset mines marks or claim a cell as free: 
> 1 4 mine
 |123456789|
-|---------|
1|.........|
2|.....1...|
3|.........|
4|*........|
5|..1......|
6|.........|
7|.........|
8|.........|
9|.........|
-|---------|
Set/unset mines marks or claim a cell as free: 
> 2 7 mine
 |123456789|
-|---------|
1|.........|
2|.....1...|
3|.........|
4|*........|
5|..1......|
6|.........|
7|.*.......|
8|.........|
9|.........|
-|---------|
Set/unset mines marks or claim a cell as free: 
> 5 3 mine
 |123456789|
-|---------|
1|.........|
2|.....1...|
3|....*....|
4|*........|
5|..1......|
6|.........|
7|.*.......|
8|.........|
9|.........|
-|---------|
Set/unset mines marks or claim a cell as free: 
> 5 2 mine
 |123456789|
-|---------|
1|.........|
2|....*1...|
3|....*....|
4|*........|
5|..1......|
6|.........|
7|.*.......|
8|.........|
9|.........|
-|---------|
Set/unset mines marks or claim a cell as free: 
> 6 5 free
 |123456789|
-|---------|
1|.....1///|
2|....11///|
3|....1////|
4|*...1////|
5|11111////|
6|/////////|
7|///111///|
8|///1.1///|
9|///1.1///|
-|---------|
Set/unset mines marks or claim a cell as free: 
> 5 9 free
 |123456789|
-|---------|
1|.....1///|
2|....11///|
3|....1////|
4|*...1////|
5|11111////|
6|/////////|
7|///111///|
8|///1.1///|
9|///111///|
-|---------|
Set/unset mines marks or claim a cell as free: 
> 1 3 mine
 |123456789|
-|---------|
1|.....1///|
2|....11///|
3|*...1////|
4|*...1////|
5|11111////|
6|/////////|
7|///111///|
8|///1.1///|
9|///111///|
-|---------|
Set/unset mines marks or claim a cell as free: 
> 4 3 free
 |123456789|
-|---------|
1|.....1///|
2|....11///|
3|*..11////|
4|*...1////|
5|11111////|
6|/////////|
7|///111///|
8|///1.1///|
9|///111///|
-|---------|
Set/unset mines marks or claim a cell as free: 
> 1 3 mine
 |123456789|
-|---------|
1|.....1///|
2|....11///|
3|...11////|
4|*...1////|
5|11111////|
6|/////////|
7|///111///|
8|///1.1///|
9|///111///|
-|---------|
Set/unset mines marks or claim a cell as free: 
> 2 2 free
 |123456789|
-|---------|
1|///1.1///|
2|///111///|
3|11111////|
4|*...1////|
5|11111////|
6|/////////|
7|///111///|
8|///1.1///|
9|///111///|
-|---------|
Set/unset mines marks or claim a cell as free: 
> 2 4 free
 |123456789|
-|---------|
1|///1.1///|
2|///111///|
3|11111////|
4|*1..1////|
5|11111////|
6|/////////|
7|///111///|
8|///1.1///|
9|///111///|
-|---------|
Set/unset mines marks or claim a cell as free: 
> 1 4 mine
 |123456789|
-|---------|
1|///1.1///|
2|///111///|
3|11111////|
4|.1..1////|
5|11111////|
6|/////////|
7|///111///|
8|///1.1///|
9|///111///|
-|---------|
Set/unset mines marks or claim a cell as free: 
> 4 4 mine
 |123456789|
-|---------|
1|///1.1///|
2|///111///|
3|11111////|
4|.1.*1////|
5|11111////|
6|/////////|
7|///111///|
8|///1.1///|
9|///111///|
-|---------|
Set/unset mines marks or claim a cell as free: 
> 3 4 free
rightMarks = 77
 |123456789|
-|---------|
1|///1.1///|
2|///111///|
3|11111////|
4|.11*1////|
5|11111////|
6|/////////|
7|///111///|
8|///1.1///|
9|///111///|
-|---------|
Congratulations! You found all mines!
?[1;31m
Start test 64?[0m
How many mines do you want on the field? > 4
 |123456789|
-|---------|
1|.........|
2|.........|
3|.........|
4|.........|
5|.........|
6|.........|
7|.........|
8|.........|
9|.........|
-|---------|
Set/unset mines marks or claim a cell as free: 
> 9 9 mine
 |123456789|
-|---------|
1|.........|
2|.........|
3|.........|
4|.........|
5|.........|
6|.........|
7|.........|
8|.........|
9|........*|
-|---------|
Set/unset mines marks or claim a cell as free: 
> 3 3 free
 |123456789|
-|---------|
1|.........|
2|.........|
3|..1......|
4|.........|
5|.........|
6|.........|
7|.........|
8|.........|
9|........*|
-|---------|
Set/unset mines marks or claim a cell as free: 
> 4 2 free
 |123456789|
-|---------|
1|////1.1//|
2|////1.1//|
3|//11211//|
4|//2.2////|
5|//2.2////|
6|//111////|
7|11///////|
8|.1///////|
9|.1///////|
-|---------|
Set/unset mines marks or claim a cell as free: 
> 4 5 free
 |123456789|
-|---------|
1|////1.1//|
2|////1X1//|
3|//11211//|
4|//2X2////|
5|//2X2////|
6|//111////|
7|11///////|
8|X1///////|
9|.1///////|
-|---------|
You stepped on a mine and failed!
?[1;31m
Start test 65?[0m
How many mines do you want on the field? > 4
 |123456789|
-|---------|
1|.........|
2|.........|
3|.........|
4|.........|
5|.........|
6|.........|
7|.........|
8|.........|
9|.........|
-|---------|
Set/unset mines marks or claim a cell as free: 
> 3 8 free
 |123456789|
-|---------|
1|///////1.|
2|//////12.|
3|11////1..|
4|.1///1221|
5|11///1.1/|
6|/////111/|
7|/////////|
8|/////////|
9|/////////|
-|---------|
Set/unset mines marks or claim a cell as free: 
> 9 1 mine
 |123456789|
-|---------|
1|///////1*|
2|//////12.|
3|11////1..|
4|.1///1221|
5|11///1.1/|
6|/////111/|
7|/////////|
8|/////////|
9|/////////|
-|---------|
Set/unset mines marks or claim a cell as free: 
> 9 3 mine
 |123456789|
-|---------|
1|///////1*|
2|//////12.|
3|11////1.*|
4|.1///1221|
5|11///1.1/|
6|/////111/|
7|/////////|
8|/////////|
9|/////////|
-|---------|
Set/unset mines marks or claim a cell as free: 
> 9 1 mine
 |123456789|
-|---------|
1|///////1.|
2|//////12.|
3|11////1.*|
4|.1///1221|
5|11///1.1/|
6|/////111/|
7|/////////|
8|/////////|
9|/////////|
-|---------|
Set/unset mines marks or claim a cell as free: 
> 1 4 mine
 |123456789|
-|---------|
1|///////1.|
2|//////12.|
3|11////1.*|
4|*1///1221|
5|11///1.1/|
6|/////111/|
7|/////////|
8|/////////|
9|/////////|
-|---------|
Set/unset mines marks or claim a cell as free: 
> 1 4 mine
 |123456789|
-|---------|
1|///////1.|
2|//////12.|
3|11////1.*|
4|.1///1221|
5|11///1.1/|
6|/////111/|
7|/////////|
8|/////////|
9|/////////|
-|---------|
Set/unset mines marks or claim a cell as free: 
> 9 2 free
 |123456789|
-|---------|
1|///////1.|
2|//////12X|
3|11////1X*|
4|X1///1221|
5|11///1X1/|
6|/////111/|
7|/////////|
8|/////////|
9|/////////|
-|---------|
You stepped on a mine and failed!
?[1;31m
Start test 66?[0m
How many mines do you want on the field? > 4
 |123456789|
-|---------|
1|.........|
2|.........|
3|.........|
4|.........|
5|.........|
6|.........|
7|.........|
8|.........|
9|.........|
-|---------|
Set/unset mines marks or claim a cell as free: 
> 7 8 mine
 |123456789|
-|---------|
1|.........|
2|.........|
3|.........|
4|.........|
5|.........|
6|.........|
7|.........|
8|......*..|
9|.........|
-|---------|
Set/unset mines marks or claim a cell as free: 
> 3 6 mine
 |123456789|
-|---------|
1|.........|
2|.........|
3|.........|
4|.........|
5|.........|
6|..*......|
7|.........|
8|......*..|
9|.........|
-|---------|
Set/unset mines marks or claim a cell as free: 
> 4 8 free
 |123456789|
-|---------|
1|//1.1////|
2|//111////|
3|//////111|
4|////112..|
5|////1..21|
6|////12.1/|
7|/////111/|
8|/////////|
9|/////////|
-|---------|
Set/unset mines marks or claim a cell as free: 
> 7 6 free
 |123456789|
-|---------|
1|//1X1////|
2|//111////|
3|//////111|
4|////112X.|
5|////1X.21|
6|////12X1/|
7|/////111/|
8|/////////|
9|/////////|
-|---------|
You stepped on a mine and failed!
?[1;31m
Start test 67?[0m
How many mines do you want on the field? > 4
 |123456789|
-|---------|
1|.........|
2|.........|
3|.........|
4|.........|
5|.........|
6|.........|
7|.........|
8|.........|
9|.........|
-|---------|
Set/unset mines marks or claim a cell as free: 
> 8 3 mine
 |123456789|
-|---------|
1|.........|
2|.........|
3|.......*.|
4|.........|
5|.........|
6|.........|
7|.........|
8|.........|
9|.........|
-|---------|
Set/unset mines marks or claim a cell as free: 
> 4 3 free
 |123456789|
-|---------|
1|/1.1//1..|
2|/111//12.|
3|///////1.|
4|///111/11|
5|///1.1///|
6|///111///|
7|/////////|
8|/////////|
9|/////////|
-|---------|
Set/unset mines marks or claim a cell as free: 
> 9 3 free
 |123456789|
-|---------|
1|/1X1//1X.|
2|/111//12.|
3|///////1X|
4|///111/11|
5|///1X1///|
6|///111///|
7|/////////|
8|/////////|
9|/////////|
-|---------|
You stepped on a mine and failed!
?[1;31m
Start test 68?[0m
How many mines do you want on the field? > 4
 |123456789|
-|---------|
1|.........|
2|.........|
3|.........|
4|.........|
5|.........|
6|.........|
7|.........|
8|.........|
9|.........|
-|---------|
Set/unset mines marks or claim a cell as free: 
> 2 3 free
 |123456789|
-|---------|
1|/////////|
2|/////////|
3|/////////|
4|////1221/|
5|////1..1/|
6|////1221/|
7|//////111|
8|//111/1..|
9|//1.1/1..|
-|---------|
Set/unset mines marks or claim a cell as free: 
> 7 5 free
 |123456789|
-|---------|
1|/////////|
2|/////////|
3|/////////|
4|////1221/|
5|////1XX1/|
6|////1221/|
7|//////111|
8|//111/1X.|
9|//1X1/1..|
-|---------|
You stepped on a mine and failed!
?[1;31m
Start test 69?[0m
How many mines do you want on the field? > 4
 |123456789|
-|---------|
1|.........|
2|.........|
3|.........|
4|.........|
5|.........|
6|.........|
7|.........|
8|.........|
9|.........|
-|---------|
Set/unset mines marks or claim a cell as free: 
> 3 6 mine
 |123456789|
-|---------|
1|.........|
2|.........|
3|.........|
4|.........|
5|.........|
6|..*......|
7|.........|
8|.........|
9|.........|
-|---------|
Set/unset mines marks or claim a cell as free: 
> 2 2 free
 |123456789|
-|---------|
1|/////////|
2|//////111|
3|//////1..|
4|/////1221|
5|/////1.1/|
6|//111111/|
7|//1.1////|
8|//111/111|
9|//////1..|
-|---------|
Set/unset mines marks or claim a cell as free: 
> 9 9 free
 |123456789|
-|---------|
1|/////////|
2|//////111|
3|//////1..|
4|/////1221|
5|/////1.1/|
6|//111111/|
7|//1.1////|
8|//111/111|
9|//////1.1|
-|---------|
Set/unset mines marks or claim a cell as free: 
> 9 3 mine
 |123456789|
-|---------|
1|/////////|
2|//////111|
3|//////1.*|
4|/////1221|
5|/////1.1/|
6|//111111/|
7|//1.1////|
8|//111/111|
9|//////1.1|
-|---------|
Set/unset mines marks or claim a cell as free: 
> 9 3 mine
 |123456789|
-|---------|
1|/////////|
2|//////111|
3|//////1..|
4|/////1221|
5|/////1.1/|
6|//111111/|
7|//1.1////|
8|//111/111|
9|//////1.1|
-|---------|
Set/unset mines marks or claim a cell as free: 
> 9 3 free
rightMarks = 77
 |123456789|
-|---------|
1|/////////|
2|//////111|
3|//////1.1|
4|/////1221|
5|/////1.1/|
6|//111111/|
7|//1.1////|
8|//111/111|
9|//////1.1|
-|---------|
Congratulations! You found all mines!
?[1;31m
Start test 70?[0m
How many mines do you want on the field? > 4
 |123456789|
-|---------|
1|.........|
2|.........|
3|.........|
4|.........|
5|.........|
6|.........|
7|.........|
8|.........|
9|.........|
-|---------|
Set/unset mines marks or claim a cell as free: 
> 2 4 mine
 |123456789|
-|---------|
1|.........|
2|.........|
3|.........|
4|.*.......|
5|.........|
6|.........|
7|.........|
8|.........|
9|.........|
-|---------|
Set/unset mines marks or claim a cell as free: 
> 2 4 mine
 |123456789|
-|---------|
1|.........|
2|.........|
3|.........|
4|.........|
5|.........|
6|.........|
7|.........|
8|.........|
9|.........|
-|---------|
Set/unset mines marks or claim a cell as free: 
> 6 7 free
 |123456789|
-|---------|
1|.........|
2|.........|
3|.........|
4|.........|
5|.........|
6|.........|
7|.....1...|
8|.........|
9|.........|
-|---------|
Set/unset mines marks or claim a cell as free: 
> 2 8 free
 |123456789|
-|---------|
1|/////////|
2|/////////|
3|/////////|
4|/////////|
5|11//111//|
6|.1//1.211|
7|11//11...|
8|/////1...|
9|/////1...|
-|---------|
Set/unset mines marks or claim a cell as free: 
> 8 7 free
 |123456789|
-|---------|
1|/////////|
2|/////////|
3|/////////|
4|/////////|
5|11//111//|
6|X1//1X211|
7|11//11.X.|
8|/////1...|
9|/////1X..|
-|---------|
You stepped on a mine and failed!
?[1;31m
Start test 71?[0m
How many mines do you want on the field? > 4
 |123456789|
-|---------|
1|.........|
2|.........|
3|.........|
4|.........|
5|.........|
6|.........|
7|.........|
8|.........|
9|.........|
-|---------|
Set/unset mines marks or claim a cell as free: 
> 7 8 free
 |123456789|
-|---------|
1|.........|
2|.........|
3|.........|
4|......211|
5|......1//|
6|...1111//|
7|...1/////|
8|.211/////|
9|.1///////|
-|---------|
Set/unset mines marks or claim a cell as free: 
> 4 1 mine
 |123456789|
-|---------|
1|...*.....|
2|.........|
3|.........|
4|......211|
5|......1//|
6|...1111//|
7|...1/////|
8|.211/////|
9|.1///////|
-|---------|
Set/unset mines marks or claim a cell as free: 
> 6 4 free
 |123456789|
-|---------|
1|...*.....|
2|.........|
3|.........|
4|.....1211|
5|......1//|
6|...1111//|
7|...1/////|
8|.211/////|
9|.1///////|
-|---------|
Set/unset mines marks or claim a cell as free: 
> 3 7 free
 |123456789|
-|---------|
1|...*.....|
2|.........|
3|.......X.|
4|.....1211|
5|.....X1//|
6|...1111//|
7|..X1/////|
8|.211/////|
9|X1///////|
-|---------|
You stepped on a mine and failed!
?[1;31m
Start test 72?[0m
How many mines do you want on the field? > 4
 |123456789|
-|---------|
1|.........|
2|.........|
3|.........|
4|.........|
5|.........|
6|.........|
7|.........|
8|.........|
9|.........|
-|---------|
Set/unset mines marks or claim a cell as free: 
> 1 5 free
 |123456789|
-|---------|
1|.1///////|
2|.1///////|
3|11///////|
4|/////////|
5|/////////|
6|/////////|
7|/////////|
8|///111122|
9|///1.....|
-|---------|
Set/unset mines marks or claim a cell as free: 
> 1 1 free
 |123456789|
-|---------|
1|11///////|
2|.1///////|
3|11///////|
4|/////////|
5|/////////|
6|/////////|
7|/////////|
8|///111122|
9|///1.....|
-|---------|
Set/unset mines marks or claim a cell as free: 
> 1 2 free
 |123456789|
-|---------|
1|11///////|
2|X1///////|
3|11///////|
4|/////////|
5|/////////|
6|/////////|
7|/////////|
8|///111122|
9|///1X..XX|
-|---------|
You stepped on a mine and failed!
?[1;31m
Start test 73?[0m
How many mines do you want on the field? > 4
 |123456789|
-|---------|
1|.........|
2|.........|
3|.........|
4|.........|
5|.........|
6|.........|
7|.........|
8|.........|
9|.........|
-|---------|
Set/unset mines marks or claim a cell as free: 
> 6 4 free
 |123456789|
-|---------|
1|.........|
2|.........|
3|.........|
4|.....1...|
5|.........|
6|.........|
7|.........|
8|.........|
9|.........|
-|---------|
Set/unset mines marks or claim a cell as free: 
> 4 7 free
 |123456789|
-|---------|
1|.........|
2|.........|
3|.........|
4|.....1...|
5|.........|
6|.........|
7|...1.....|
8|.........|
9|.........|
-|---------|
Set/unset mines marks or claim a cell as free: 
> 4 6 mine
 |123456789|
-|---------|
1|.........|
2|.........|
3|.........|
4|.....1...|
5|.........|
6|...*.....|
7|...1.....|
8|.........|
9|.........|
-|---------|
Set/unset mines marks or claim a cell as free: 
> 9 7 free
 |123456789|
-|---------|
1|.........|
2|.........|
3|.........|
4|.....1...|
5|.........|
6|...*.....|
7|...1....1|
8|.........|
9|.........|
-|---------|
Set/unset mines marks or claim a cell as free: 
> 8 8 mine
 |123456789|
-|---------|
1|.........|
2|.........|
3|.........|
4|.....1...|
5|.........|
6|...*.....|
7|...1....1|
8|.......*.|
9|.........|
-|---------|
Set/unset mines marks or claim a cell as free: 
> 4 6 mine
 |123456789|
-|---------|
1|.........|
2|.........|
3|.........|
4|.....1...|
5|.........|
6|.........|
7|...1....1|
8|.......*.|
9|.........|
-|---------|
Set/unset mines marks or claim a cell as free: 
> 8 8 mine
 |123456789|
-|---------|
1|.........|
2|.........|
3|.........|
4|.....1...|
5|.........|
6|.........|
7|...1....1|
8|.........|
9|.........|
-|---------|
Set/unset mines marks or claim a cell as free: 
> 6 5 mine
 |123456789|
-|---------|
1|.........|
2|.........|
3|.........|
4|.....1...|
5|.....*...|
6|.........|
7|...1....1|
8|.........|
9|.........|
-|---------|
Set/unset mines marks or claim a cell as free: 
> 5 9 free
 |123456789|
-|---------|
1|.........|
2|.........|
3|.........|
4|.....1...|
5|.....1111|
6|...111///|
7|...1///11|
8|...1///1.|
9|...1///1.|
-|---------|
Set/unset mines marks or claim a cell as free: 
> 1 2 free
 |123456789|
-|---------|
1|/////////|
2|/////////|
3|//////111|
4|///1111..|
5|///1.1111|
6|///111///|
7|/111///11|
8|/1.1///1.|
9|/1.1///1.|
-|---------|
Set/unset mines marks or claim a cell as free: 
> 3 8 free
 |123456789|
-|---------|
1|/////////|
2|/////////|
3|//////111|
4|///1111X.|
5|///1X1111|
6|///111///|
7|/111///11|
8|/1X1///1X|
9|/1.1///1.|
-|---------|
You stepped on a mine and failed!
?[1;31m
Start test 74?[0m
How many mines do you want on the field? > 4
 |123456789|
-|---------|
1|.........|
2|.........|
3|.........|
4|.........|
5|.........|
6|.........|
7|.........|
8|.........|
9|.........|
-|---------|
Set/unset mines marks or claim a cell as free: 
> 3 3 free
 |123456789|
-|---------|
1|/////////|
2|/////////|
3|/////////|
4|///111///|
5|1111.1///|
6|...211///|
7|...1/////|
8|..21/////|
9|..1//////|
-|---------|
Set/unset mines marks or claim a cell as free: 
> 2 7 free
 |123456789|
-|---------|
1|/////////|
2|/////////|
3|/////////|
4|///111///|
5|1111.1///|
6|...211///|
7|.2.1/////|
8|..21/////|
9|..1//////|
-|---------|
Set/unset mines marks or claim a cell as free: 
> 3 7 free
 |123456789|
-|---------|
1|/////////|
2|/////////|
3|/////////|
4|///111///|
5|1111X1///|
6|.X.211///|
7|.2X1/////|
8|..21/////|
9|.X1//////|
-|---------|
You stepped on a mine and failed!
?[1;31m
Start test 75?[0m
How many mines do you want on the field? > 4
 |123456789|
-|---------|
1|.........|
2|.........|
3|.........|
4|.........|
5|.........|
6|.........|
7|.........|
8|.........|
9|.........|
-|---------|
Set/unset mines marks or claim a cell as free: 
> 9 6 free
 |123456789|
-|---------|
1|.........|
2|.........|
3|.........|
4|.........|
5|.........|
6|........1|
7|.........|
8|.........|
9|.........|
-|---------|
Set/unset mines marks or claim a cell as free: 
> 8 7 free
 |123456789|
-|---------|
1|.........|
2|.........|
3|.........|
4|...X.....|
5|X........|
6|........1|
7|.X.....X.|
8|.........|
9|.........|
-|---------|
You stepped on a mine and failed!
?[1;31m
Start test 76?[0m
How many mines do you want on the field? > 4
 |123456789|
-|---------|
1|.........|
2|.........|
3|.........|
4|.........|
5|.........|
6|.........|
7|.........|
8|.........|
9|.........|
-|---------|
Set/unset mines marks or claim a cell as free: 
> 2 9 mine
 |123456789|
-|---------|
1|.........|
2|.........|
3|.........|
4|.........|
5|.........|
6|.........|
7|.........|
8|.........|
9|.*.......|
-|---------|
Set/unset mines marks or claim a cell as free: 
> 2 9 mine
 |123456789|
-|---------|
1|.........|
2|.........|
3|.........|
4|.........|
5|.........|
6|.........|
7|.........|
8|.........|
9|.........|
-|---------|
Set/unset mines marks or claim a cell as free: 
> 4 7 free
 |123456789|
-|---------|
1|.........|
2|.........|
3|.........|
4|.........|
5|.........|
6|.........|
7|...1.....|
8|.........|
9|.........|
-|---------|
Set/unset mines marks or claim a cell as free: 
> 8 4 free
 |123456789|
-|---------|
1|.1//1.1//|
2|.1//111//|
3|11///////|
4|/////////|
5|11211////|
6|....1////|
7|11211////|
8|/////////|
9|/////////|
-|---------|
Set/unset mines marks or claim a cell as free: 
> 2 6 free
 |123456789|
-|---------|
1|.1//1X1//|
2|X1//111//|
3|11///////|
4|/////////|
5|11211////|
6|.X.X1////|
7|11211////|
8|/////////|
9|/////////|
-|---------|
You stepped on a mine and failed!
?[1;31m
Start test 77?[0m
How many mines do you want on the field? > 4
 |123456789|
-|---------|
1|.........|
2|.........|
3|.........|
4|.........|
5|.........|
6|.........|
7|.........|
8|.........|
9|.........|
-|---------|
Set/unset mines marks or claim a cell as free: 
> 7 5 mine
 |123456789|
-|---------|
1|.........|
2|.........|
3|.........|
4|.........|
5|......*..|
6|.........|
7|.........|
8|.........|
9|.........|
-|---------|
Set/unset mines marks or claim a cell as free: 
> 2 9 free
 |123456789|
-|---------|
1|.1///////|
2|.1///////|
3|11/////11|
4|///////1.|
5|///////11|
6|/////////|
7|/////////|
8|//11211//|
9|//1...1//|
-|---------|
Set/unset mines marks or claim a cell as free: 
> 1 1 free
 |123456789|
-|---------|
1|11///////|
2|.1///////|
3|11/////11|
4|///////1.|
5|///////11|
6|/////////|
7|/////////|
8|//11211//|
9|//1...1//|
-|---------|
Set/unset mines marks or claim a cell as free: 
> 1 2 free
 |123456789|
-|---------|
1|11///////|
2|X1///////|
3|11/////11|
4|///////1X|
5|///////11|
6|/////////|
7|/////////|
8|//11211//|
9|//1X.X1//|
-|---------|
You stepped on a mine and failed!
?[1;31m
Start test 78?[0m
How many mines do you want on the field? > 4
 |123456789|
-|---------|
1|.........|
2|.........|
3|.........|
4|.........|
5|.........|
6|.........|
7|.........|
8|.........|
9|.........|
-|---------|
Set/unset mines marks or claim a cell as free: 
> 4 4 mine
 |123456789|
-|---------|
1|.........|
2|.........|
3|.........|
4|...*.....|
5|.........|
6|.........|
7|.........|
8|.........|
9|.........|
-|---------|
Set/unset mines marks or claim a cell as free: 
> 4 4 mine
 |123456789|
-|---------|
1|.........|
2|.........|
3|.........|
4|.........|
5|.........|
6|.........|
7|.........|
8|.........|
9|.........|
-|---------|
Set/unset mines marks or claim a cell as free: 
> 4 8 free
 |123456789|
-|---------|
1|..1//////|
2|..1//////|
3|..11/////|
4|...1/////|
5|...2/////|
6|...1/////|
7|..21/////|
8|111//////|
9|/////////|
-|---------|
Set/unset mines marks or claim a cell as free: 
> 1 5 free
 |123456789|
-|---------|
1|..1//////|
2|111//////|
3|/111/////|
4|/1.1/////|
5|/2.2/////|
6|12.1/////|
7|..21/////|
8|111//////|
9|/////////|
-|---------|
Set/unset mines marks or claim a cell as free: 
> 3 5 free
 |123456789|
-|---------|
1|..1//////|
2|111//////|
3|/111/////|
4|/1.1/////|
5|/222/////|
6|12.1/////|
7|..21/////|
8|111//////|
9|/////////|
-|---------|
Set/unset mines marks or claim a cell as free: 
> 1 7 free
 |123456789|
-|---------|
1|..1//////|
2|111//////|
3|/111/////|
4|/1.1/////|
5|/222/////|
6|12.1/////|
7|1.21/////|
8|111//////|
9|/////////|
-|---------|
Set/unset mines marks or claim a cell as free: 
> 2 1 free
 |123456789|
-|---------|
1|.X1//////|
2|111//////|
3|/111/////|
4|/1X1/////|
5|/222/////|
6|12X1/////|
7|1X21/////|
8|111//////|
9|/////////|
-|---------|
You stepped on a mine and failed!
?[1;31m
Start test 79?[0m
How many mines do you want on the field? > 4
 |123456789|
-|---------|
1|.........|
2|.........|
3|.........|
4|.........|
5|.........|
6|.........|
7|.........|
8|.........|
9|.........|
-|---------|
Set/unset mines marks or claim a cell as free: 
> 8 6 free
 |123456789|
-|---------|
1|.1///////|
2|.1///////|
3|11/11211/|
4|///1...1/|
5|///11211/|
6|/////////|
7|/////////|
8|///111///|
9|///1.1///|
-|---------|
Set/unset mines marks or claim a cell as free: 
> 1 1 free
 |123456789|
-|---------|
1|11///////|
2|.1///////|
3|11/11211/|
4|///1...1/|
5|///11211/|
6|/////////|
7|/////////|
8|///111///|
9|///1.1///|
-|---------|
Set/unset mines marks or claim a cell as free: 
> 5 9 free
 |123456789|
-|---------|
1|11///////|
2|X1///////|
3|11/11211/|
4|///1X.X1/|
5|///11211/|
6|/////////|
7|/////////|
8|///111///|
9|///1X1///|
-|---------|
You stepped on a mine and failed!
?[1;31m
Start test 80?[0m
How many mines do you want on the field? > 4
 |123456789|
-|---------|
1|.........|
2|.........|
3|.........|
4|.........|
5|.........|
6|.........|
7|.........|
8|.........|
9|.........|
-|---------|
Set/unset mines marks or claim a cell as free: 
> 2 1 free
 |123456789|
-|---------|
1|//1..1///|
2|//1..1///|
3|//1221///|
4|/////////|
5|11///////|
6|.1///////|
7|11//111//|
8|////1.1//|
9|////1.1//|
-|---------|
Set/unset mines marks or claim a cell as free: 
> 6 8 free
 |123456789|
-|---------|
1|//1..1///|
2|//1XX1///|
3|//1221///|
4|/////////|
5|11///////|
6|X1///////|
7|11//111//|
8|////1X1//|
9|////1.1//|
-|---------|
You stepped on a mine and failed!
?[1;31m
Start test 81?[0m
How many mines do you want on the field? > 5
 |123456789|
-|---------|
1|.........|
2|.........|
3|.........|
4|.........|
5|.........|
6|.........|
7|.........|
8|.........|
9|.........|
-|---------|
Set/unset mines marks or claim a cell as free: 
> 9 2 free
 |123456789|
-|---------|
1|.........|
2|........1|
3|.........|
4|.........|
5|.........|
6|.........|
7|.........|
8|.........|
9|.........|
-|---------|
Set/unset mines marks or claim a cell as free: 
> 6 9 mine
 |123456789|
-|---------|
1|.........|
2|........1|
3|.........|
4|.........|
5|.........|
6|.........|
7|.........|
8|.........|
9|.....*...|
-|---------|
Set/unset mines marks or claim a cell as free: 
> 2 9 free
 |123456789|
-|---------|
1|////1....|
2|////1...1|
3|////1111.|
4|111////11|
5|..1//////|
6|111//////|
7|///111///|
8|//12.1///|
9|//1..1///|
-|---------|
Set/unset mines marks or claim a cell as free: 
> 9 1 mine
 |123456789|
-|---------|
1|////1...*|
2|////1...1|
3|////1111.|
4|111////11|
5|..1//////|
6|111//////|
7|///111///|
8|//12.1///|
9|//1..1///|
-|---------|
Set/unset mines marks or claim a cell as free: 
> 1 5 free
 |123456789|
-|---------|
1|////1...*|
2|////1...1|
3|////1111.|
4|111////11|
5|1.1//////|
6|111//////|
7|///111///|
8|//12.1///|
9|//1..1///|
-|---------|
Set/unset mines marks or claim a cell as free: 
> 5 9 free
 |123456789|
-|---------|
1|////1...*|
2|////1...1|
3|////1111.|
4|111////11|
5|1.1//////|
6|111//////|
7|///111///|
8|//12.1///|
9|//1.21///|
-|---------|
Set/unset mines marks or claim a cell as free: 
> 9 1 mine
 |123456789|
-|---------|
1|////1....|
2|////1...1|
3|////1111.|
4|111////11|
5|1.1//////|
6|111//////|
7|///111///|
8|//12.1///|
9|//1.21///|
-|---------|
Set/unset mines marks or claim a cell as free: 
> 7 1 free
 |123456789|
-|---------|
1|////1.1..|
2|////1...1|
3|////1111.|
4|111////11|
5|1.1//////|
6|111//////|
7|///111///|
8|//12.1///|
9|//1.21///|
-|---------|
Set/unset mines marks or claim a cell as free: 
> 8 2 free
 |123456789|
-|---------|
1|////1.1..|
2|////1..11|
3|////1111.|
4|111////11|
5|1.1//////|
6|111//////|
7|///111///|
8|//12.1///|
9|//1.21///|
-|---------|
Set/unset mines marks or claim a cell as free: 
> 9 3 free
 |123456789|
-|---------|
1|////1.1..|
2|////1X.11|
3|////1111X|
4|111////11|
5|1X1//////|
6|111//////|
7|///111///|
8|//12X1///|
9|//1X21///|
-|---------|
You stepped on a mine and failed!
?[1;31m
Start test 82?[0m
How many mines do you want on the field? > 5
 |123456789|
-|---------|
1|.........|
2|.........|
3|.........|
4|.........|
5|.........|
6|.........|
7|.........|
8|.........|
9|.........|
-|---------|
Set/unset mines marks or claim a cell as free: 
> 4 6 free
 |123456789|
-|---------|
1|.........|
2|.........|
3|.........|
4|.........|
5|.........|
6|...2.....|
7|.........|
8|.........|
9|.........|
-|---------|
Set/unset mines marks or claim a cell as free: 
> 8 7 free
 |123456789|
-|---------|
1|/1.1/////|
2|/111/////|
3|//////111|
4|//////1..|
5|/11111211|
6|/2.2..1//|
7|/2.2111//|
8|/111/////|
9|/////////|
-|---------|
Set/unset mines marks or claim a cell as free: 
> 6 6 free
 |123456789|
-|---------|
1|/1X1/////|
2|/111/////|
3|//////111|
4|//////1X.|
5|/11111211|
6|/2X2.X1//|
7|/2X2111//|
8|/111/////|
9|/////////|
-|---------|
You stepped on a mine and failed!
?[1;31m
Start test 83?[0m
How many mines do you want on the field? > 6
 |123456789|
-|---------|
1|.........|
2|.........|
3|.........|
4|.........|
5|.........|
6|.........|
7|.........|
8|.........|
9|.........|
-|---------|
Set/unset mines marks or claim a cell as free: 
> 9 4 mine
 |123456789|
-|---------|
1|.........|
2|.........|
3|.........|
4|........*|
5|.........|
6|.........|
7|.........|
8|.........|
9|.........|
-|---------|
Set/unset mines marks or claim a cell as free: 
> 7 4 free
 |123456789|
-|---------|
1|...1/////|
2|...211///|
3|.....1///|
4|...111///|
5|...1/////|
6|...1//111|
7|...3211..|
8|.........|
9|.........|
-|---------|
Set/unset mines marks or claim a cell as free: 
> 4 9 free
 |123456789|
-|---------|
1|...1/////|
2|...211///|
3|.....1///|
4|...111///|
5|...1/////|
6|...1//111|
7|...3211..|
8|.........|
9|...2.....|
-|---------|
Set/unset mines marks or claim a cell as free: 
> 7 9 mine
 |123456789|
-|---------|
1|...1/////|
2|...211///|
3|.....1///|
4|...111///|
5|...1/////|
6|...1//111|
7|...3211..|
8|.........|
9|...2..*..|
-|---------|
Set/unset mines marks or claim a cell as free: 
> 2 7 mine
 |123456789|
-|---------|
1|...1/////|
2|...211///|
3|.....1///|
4|...111///|
5|...1/////|
6|...1//111|
7|.*.3211..|
8|.........|
9|...2..*..|
-|---------|
Set/unset mines marks or claim a cell as free: 
> 2 6 mine
 |123456789|
-|---------|
1|...1/////|
2|...211///|
3|.....1///|
4|...111///|
5|...1/////|
6|.*.1//111|
7|.*.3211..|
8|.........|
9|...2..*..|
-|---------|
Set/unset mines marks or claim a cell as free: 
> 2 7 mine
 |123456789|
-|---------|
1|...1/////|
2|...211///|
3|.....1///|
4|...111///|
5|...1/////|
6|.*.1//111|
7|...3211..|
8|.........|
9|...2..*..|
-|---------|
Set/unset mines marks or claim a cell as free: 
> 4 3 mine
 |123456789|
-|---------|
1|...1/////|
2|...211///|
3|...*.1///|
4|...111///|
5|...1/////|
6|.*.1//111|
7|...3211..|
8|.........|
9|...2..*..|
-|---------|
Set/unset mines marks or claim a cell as free: 
> 2 4 free
 |123456789|
-|---------|
1|/1.1/////|
2|/1.211///|
3|/112.1///|
4|///111///|
5|/111/////|
6|/1.1//111|
7|/123211..|
8|//1......|
9|//12..*..|
-|---------|
Set/unset mines marks or claim a cell as free: 
> 6 8 mine
 |123456789|
-|---------|
1|/1.1/////|
2|/1.211///|
3|/112.1///|
4|///111///|
5|/111/////|
6|/1.1//111|
7|/123211..|
8|//1..*...|
9|//12..*..|
-|---------|
Set/unset mines marks or claim a cell as free: 
> 5 9 free
 |123456789|
-|---------|
1|/1.1/////|
2|/1.211///|
3|/112.1///|
4|///111///|
5|/111/////|
6|/1.1//111|
7|/123211..|
8|//1..*...|
9|//122.*..|
-|---------|
Set/unset mines marks or claim a cell as free: 
> 9 8 mine
 |123456789|
-|---------|
1|/1.1/////|
2|/1.211///|
3|/112.1///|
4|///111///|
5|/111/////|
6|/1.1//111|
7|/123211..|
8|//1..*..*|
9|//122.*..|
-|---------|
Set/unset mines marks or claim a cell as free: 
> 4 8 mine
 |123456789|
-|---------|
1|/1.1/////|
2|/1.211///|
3|/112.1///|
4|///111///|
5|/111/////|
6|/1.1//111|
7|/123211..|
8|//1*.*..*|
9|//122.*..|
-|---------|
Set/unset mines marks or claim a cell as free: 
> 3 6 free
 |123456789|
-|---------|
1|/1.1/////|
2|/1X211///|
3|/112X1///|
4|///111///|
5|/111/////|
6|/1X1//111|
7|/123211X.|
8|//1XX*..*|
9|//122.*..|
-|---------|
You stepped on a mine and failed!
?[1;31m
Start test 84?[0m
How many mines do you want on the field? > 6
 |123456789|
-|---------|
1|.........|
2|.........|
3|.........|
4|.........|
5|.........|
6|.........|
7|.........|
8|.........|
9|.........|
-|---------|
Set/unset mines marks or claim a cell as free: 
> 1 1 free
 |123456789|
-|---------|
1|/1.......|
2|12.......|
3|.........|
4|.........|
5|.........|
6|.........|
7|.........|
8|.........|
9|.........|
-|---------|
Set/unset mines marks or claim a cell as free: 
> 8 1 mine
 |123456789|
-|---------|
1|/1.....*.|
2|12.......|
3|.........|
4|.........|
5|.........|
6|.........|
7|.........|
8|.........|
9|.........|
-|---------|
Set/unset mines marks or claim a cell as free: 
> 6 7 free
 |123456789|
-|---------|
1|/1.....*.|
2|12.......|
3|.........|
4|.........|
5|.........|
6|.........|
7|.....2...|
8|.........|
9|.........|
-|---------|
Set/unset mines marks or claim a cell as free: 
> 8 1 mine
 |123456789|
-|---------|
1|/1.......|
2|12.......|
3|.........|
4|.........|
5|.........|
6|.........|
7|.....2...|
8|.........|
9|.........|
-|---------|
Set/unset mines marks or claim a cell as free: 
> 5 2 mine
 |123456789|
-|---------|
1|/1.......|
2|12..*....|
3|.........|
4|.........|
5|.........|
6|.........|
7|.....2...|
8|.........|
9|.........|
-|---------|
Set/unset mines marks or claim a cell as free: 
> 9 1 free
 |123456789|
-|---------|
1|/1.1/////|
2|12.1/////|
3|...1/////|
4|12.1/////|
5|/111/////|
6|/////////|
7|///112121|
8|///1.....|
9|///1.....|
-|---------|
Set/unset mines marks or claim a cell as free: 
> 2 3 mine
 |123456789|
-|---------|
1|/1.1/////|
2|12.1/////|
3|.*.1/////|
4|12.1/////|
5|/111/////|
6|/////////|
7|///112121|
8|///1.....|
9|///1.....|
-|---------|
Set/unset mines marks or claim a cell as free: 
> 3 1 mine
 |123456789|
-|---------|
1|/1*1/////|
2|12.1/////|
3|.*.1/////|
4|12.1/////|
5|/111/////|
6|/////////|
7|///112121|
8|///1.....|
9|///1.....|
-|---------|
Set/unset mines marks or claim a cell as free: 
> 3 1 mine
 |123456789|
-|---------|
1|/1.1/////|
2|12.1/////|
3|.*.1/////|
4|12.1/////|
5|/111/////|
6|/////////|
7|///112121|
8|///1.....|
9|///1.....|
-|---------|
Set/unset mines marks or claim a cell as free: 
> 8 8 free
 |123456789|
-|---------|
1|/1.1/////|
2|12.1/////|
3|.*.1/////|
4|12.1/////|
5|/111/////|
6|/////////|
7|///112121|
8|///1...2.|
9|///1.....|
-|---------|
Set/unset mines marks or claim a cell as free: 
> 2 3 mine
 |123456789|
-|---------|
1|/1.1/////|
2|12.1/////|
3|...1/////|
4|12.1/////|
5|/111/////|
6|/////////|
7|///112121|
8|///1...2.|
9|///1.....|
-|---------|
Set/unset mines marks or claim a cell as free: 
> 9 9 mine
 |123456789|
-|---------|
1|/1.1/////|
2|12.1/////|
3|...1/////|
4|12.1/////|
5|/111/////|
6|/////////|
7|///112121|
8|///1...2.|
9|///1....*|
-|---------|
Set/unset mines marks or claim a cell as free: 
> 6 9 mine
 |123456789|
-|---------|
1|/1.1/////|
2|12.1/////|
3|...1/////|
4|12.1/////|
5|/111/////|
6|/////////|
7|///112121|
8|///1...2.|
9|///1.*..*|
-|---------|
Set/unset mines marks or claim a cell as free: 
> 7 8 mine
 |123456789|
-|---------|
1|/1.1/////|
2|12.1/////|
3|...1/////|
4|12.1/////|
5|/111/////|
6|/////////|
7|///112121|
8|///1..*2.|
9|///1.*..*|
-|---------|
Set/unset mines marks or claim a cell as free: 
> 1 3 free
 |123456789|
-|---------|
1|/1X1/////|
2|12.1/////|
3|X..1/////|
4|12X1/////|
5|/111/////|
6|/////////|
7|///112121|
8|///1X.X2X|
9|///1.*..*|
-|---------|
You stepped on a mine and failed!
?[1;31m
Start test 85?[0m
How many mines do you want on the field? > 7
 |123456789|
-|---------|
1|.........|
2|.........|
3|.........|
4|.........|
5|.........|
6|.........|
7|.........|
8|.........|
9|.........|
-|---------|
Set/unset mines marks or claim a cell as free: 
> 8 6 free
 |123456789|
-|---------|
1|/1.......|
2|/12211.21|
3|/////1.1/|
4|//111111/|
5|//2.2////|
6|/13.2////|
7|/1.21////|
8|/111/////|
9|/////////|
-|---------|
Set/unset mines marks or claim a cell as free: 
> 3 7 free
 |123456789|
-|---------|
1|/1XX...X.|
2|/12211.21|
3|/////1X1/|
4|//111111/|
5|//2X2////|
6|/13X2////|
7|/1X21////|
8|/111/////|
9|/////////|
-|---------|
You stepped on a mine and failed!
?[1;31m
Start test 86?[0m
How many mines do you want on the field? > 7
 |123456789|
-|---------|
1|.........|
2|.........|
3|.........|
4|.........|
5|.........|
6|.........|
7|.........|
8|.........|
9|.........|
-|---------|
Set/unset mines marks or claim a cell as free: 
> 9 8 free
 |123456789|
-|---------|
1|.........|
2|.........|
3|.........|
4|.........|
5|.........|
6|.........|
7|.........|
8|........1|
9|.........|
-|---------|
Set/unset mines marks or claim a cell as free: 
> 8 7 free
 |123456789|
-|---------|
1|.........|
2|.........|
3|.........|
4|.........|
5|.........|
6|.........|
7|.......1.|
8|........1|
9|.........|
-|---------|
Set/unset mines marks or claim a cell as free: 
> 8 1 mine
 |123456789|
-|---------|
1|.......*.|
2|.........|
3|.........|
4|.........|
5|.........|
6|.........|
7|.......1.|
8|........1|
9|.........|
-|---------|
Set/unset mines marks or claim a cell as free: 
> 4 4 free
 |123456789|
-|---------|
1|.....2///|
2|1223.2///|
3|///111///|
4|/////////|
5|/////////|
6|///////11|
7|111////1.|
8|..1//1121|
9|..1//1...|
-|---------|
Set/unset mines marks or claim a cell as free: 
> 9 7 free
 |123456789|
-|---------|
1|.XX.X2///|
2|1223X2///|
3|///111///|
4|/////////|
5|/////////|
6|///////11|
7|111////1X|
8|.X1//1121|
9|..1//1X..|
-|---------|
You stepped on a mine and failed!
rightMarks = 67
?[1;31m
Start test 87?[0m
How many mines do you want on the field? > 8
 |123456789|
-|---------|
1|.........|
2|.........|
3|.........|
4|.........|
5|.........|
6|.........|
7|.........|
8|.........|
9|.........|
-|---------|
Set/unset mines marks or claim a cell as free: 
> 6 9 free
 |123456789|
-|---------|
1|.........|
2|.........|
3|..2111...|
4|111//1...|
5|////12...|
6|////1....|
7|////112..|
8|//////1..|
9|//////1..|
-|---------|
Set/unset mines marks or claim a cell as free: 
> 5 2 free
 |123456789|
-|---------|
1|.........|
2|....1....|
3|..2111...|
4|111//1...|
5|////12...|
6|////1....|
7|////112..|
8|//////1..|
9|//////1..|
-|---------|
Set/unset mines marks or claim a cell as free: 
> 4 2 free
 |123456789|
-|---------|
1|......X.X|
2|...X1....|
3|.X2111...|
4|111//1XX.|
5|////12...|
6|////1X...|
7|////112..|
8|//////1X.|
9|//////1..|
-|---------|
You stepped on a mine and failed!
?[1;31m
Start test 88?[0m
How many mines do you want on the field? > 8
 |123456789|
-|---------|
1|.........|
2|.........|
3|.........|
4|.........|
5|.........|
6|.........|
7|.........|
8|.........|
9|.........|
-|---------|
Set/unset mines marks or claim a cell as free: 
> 5 9 free
 |123456789|
-|---------|
1|.........|
2|.........|
3|.....211.|
4|.....1/1.|
5|....21/11|
6|....1////|
7|.1111//11|
8|11/////1.|
9|///////1.|
-|---------|
Set/unset mines marks or claim a cell as free: 
> 4 2 free
 |123456789|
-|---------|
1|.........|
2|...1.....|
3|.....211.|
4|.....1/1.|
5|....21/11|
6|....1////|
7|.1111//11|
8|11/////1.|
9|///////1.|
-|---------|
Set/unset mines marks or claim a cell as free: 
> 3 4 free
 |123456789|
-|---------|
1|/1.......|
2|/1.1.....|
3|/112.211.|
4|///1.1/1.|
5|//1221/11|
6|111.1////|
7|.1111//11|
8|11/////1.|
9|///////1.|
-|---------|
Set/unset mines marks or claim a cell as free: 
> 5 2 free
 |123456789|
-|---------|
1|/1.......|
2|/1.11....|
3|/112.211.|
4|///1.1/1.|
5|//1221/11|
6|111.1////|
7|.1111//11|
8|11/////1.|
9|///////1.|
-|---------|
Set/unset mines marks or claim a cell as free: 
> 4 1 free
 |123456789|
-|---------|
1|/1.1.....|
2|/1.11....|
3|/112.211.|
4|///1.1/1.|
5|//1221/11|
6|111.1////|
7|.1111//11|
8|11/////1.|
9|///////1.|
-|---------|
Set/unset mines marks or claim a cell as free: 
> 9 9 free
 |123456789|
-|---------|
1|/1.1.....|
2|/1.11....|
3|/112.211.|
4|///1.1/1.|
5|//1221/11|
6|111.1////|
7|.1111//11|
8|11/////1.|
9|///////11|
-|---------|
Set/unset mines marks or claim a cell as free: 
> 9 8 mine
 |123456789|
-|---------|
1|/1.1.....|
2|/1.11....|
3|/112.211.|
4|///1.1/1.|
5|//1221/11|
6|111.1////|
7|.1111//11|
8|11/////1*|
9|///////11|
-|---------|
Set/unset mines marks or claim a cell as free: 
> 8 1 free
 |123456789|
-|---------|
1|/1.1...1.|
2|/1.11....|
3|/112.211.|
4|///1.1/1.|
5|//1221/11|
6|111.1////|
7|.1111//11|
8|11/////1*|
9|///////11|
-|---------|
Set/unset mines marks or claim a cell as free: 
> 7 2 mine
 |123456789|
-|---------|
1|/1.1...1.|
2|/1.11.*..|
3|/112.211.|
4|///1.1/1.|
5|//1221/11|
6|111.1////|
7|.1111//11|
8|11/////1*|
9|///////11|
-|---------|
Set/unset mines marks or claim a cell as free: 
> 8 2 free
 |123456789|
-|---------|
1|/1.1...1.|
2|/1.11.*1.|
3|/112.211.|
4|///1.1/1.|
5|//1221/11|
6|111.1////|
7|.1111//11|
8|11/////1*|
9|///////11|
-|---------|
Set/unset mines marks or claim a cell as free: 
> 5 1 free
 |123456789|
-|---------|
1|/1.11..1.|
2|/1.11.*1.|
3|/112.211.|
4|///1.1/1.|
5|//1221/11|
6|111.1////|
7|.1111//11|
8|11/////1*|
9|///////11|
-|---------|
Set/unset mines marks or claim a cell as free: 
> 9 3 mine
 |123456789|
-|---------|
1|/1.11..1.|
2|/1.11.*1.|
3|/112.211*|
4|///1.1/1.|
5|//1221/11|
6|111.1////|
7|.1111//11|
8|11/////1*|
9|///////11|
-|---------|
Set/unset mines marks or claim a cell as free: 
> 5 3 free
 |123456789|
-|---------|
1|/1.11..1.|
2|/1.11.*1.|
3|/1122211*|
4|///1.1/1.|
5|//1221/11|
6|111.1////|
7|.1111//11|
8|11/////1*|
9|///////11|
-|---------|
Set/unset mines marks or claim a cell as free: 
> 5 4 mine
 |123456789|
-|---------|
1|/1.11..1.|
2|/1.11.*1.|
3|/1122211*|
4|///1*1/1.|
5|//1221/11|
6|111.1////|
7|.1111//11|
8|11/////1*|
9|///////11|
-|---------|
Set/unset mines marks or claim a cell as free: 
> 6 2 mine
 |123456789|
-|---------|
1|/1.11..1.|
2|/1.11**1.|
3|/1122211*|
4|///1*1/1.|
5|//1221/11|
6|111.1////|
7|.1111//11|
8|11/////1*|
9|///////11|
-|---------|
Set/unset mines marks or claim a cell as free: 
> 3 1 free
 |123456789|
-|---------|
1|/1111..1.|
2|/1.11**1.|
3|/1122211*|
4|///1*1/1.|
5|//1221/11|
6|111.1////|
7|.1111//11|
8|11/////1*|
9|///////11|
-|---------|
Set/unset mines marks or claim a cell as free: 
> 7 1 free
 |123456789|
-|---------|
1|/1111.11.|
2|/1.11**1.|
3|/1122211*|
4|///1*1/1.|
5|//1221/11|
6|111.1////|
7|.1111//11|
8|11/////1*|
9|///////11|
-|---------|
Set/unset mines marks or claim a cell as free: 
> 9 8 mine
 |123456789|
-|---------|
1|/1111.11.|
2|/1.11**1.|
3|/1122211*|
4|///1*1/1.|
5|//1221/11|
6|111.1////|
7|.1111//11|
8|11/////1.|
9|///////11|
-|---------|
Set/unset mines marks or claim a cell as free: 
> 9 4 mine
 |123456789|
-|---------|
1|/1111.11.|
2|/1.11**1.|
3|/1122211*|
4|///1*1/1*|
5|//1221/11|
6|111.1////|
7|.1111//11|
8|11/////1.|
9|///////11|
-|---------|
Set/unset mines marks or claim a cell as free: 
> 4 6 free
 |123456789|
-|---------|
1|/1111.11X|
2|/1X11X*1.|
3|/1122211*|
4|///1X1/1X|
5|//1221/11|
6|111X1////|
7|X1111//11|
8|11/////1X|
9|///////11|
-|---------|
You stepped on a mine and failed!
?[1;31m
Start test 89?[0m
How many mines do you want on the field? > 9
 |123456789|
-|---------|
1|.........|
2|.........|
3|.........|
4|.........|
5|.........|
6|.........|
7|.........|
8|.........|
9|.........|
-|---------|
Set/unset mines marks or claim a cell as free: 
> 9 4 free
 |123456789|
-|---------|
1|....1/1..|
2|....2/1..|
3|....1/111|
4|....21///|
5|.....21//|
6|......1//|
7|......21/|
8|.......1/|
9|.......1/|
-|---------|
Set/unset mines marks or claim a cell as free: 
> 8 2 free
 |123456789|
-|---------|
1|.X.X1/1..|
2|....2/1X.|
3|...X1/111|
4|....21///|
5|....X21//|
6|.....X1//|
7|....X.21/|
8|......X1/|
9|.....X.1/|
-|---------|
You stepped on a mine and failed!
?[1;31m
Start test 90?[0m
How many mines do you want on the field? > 9
 |123456789|
-|---------|
1|.........|
2|.........|
3|.........|
4|.........|
5|.........|
6|.........|
7|.........|
8|.........|
9|.........|
-|---------|
Set/unset mines marks or claim a cell as free: 
> 8 5 mine
 |123456789|
-|---------|
1|.........|
2|.........|
3|.........|
4|.........|
5|.......*.|
6|.........|
7|.........|
8|.........|
9|.........|
-|---------|
Set/unset mines marks or claim a cell as free: 
> 6 9 free
 |123456789|
-|---------|
1|.........|
2|.........|
3|.........|
4|.........|
5|.......*.|
6|.........|
7|.........|
8|.........|
9|.....1...|
-|---------|
Set/unset mines marks or claim a cell as free: 
> 7 3 free
 |123456789|
-|---------|
1|.........|
2|.........|
3|......1..|
4|.........|
5|.......*.|
6|.........|
7|.........|
8|.........|
9|.....1...|
-|---------|
Set/unset mines marks or claim a cell as free: 
> 9 1 mine
 |123456789|
-|---------|
1|........*|
2|.........|
3|......1..|
4|.........|
5|.......*.|
6|.........|
7|.........|
8|.........|
9|.....1...|
-|---------|
Set/unset mines marks or claim a cell as free: 
> 6 2 free
 |123456789|
-|---------|
1|....1//1*|
2|....1/13.|
3|.1111/1..|
4|.1////1..|
5|11//111*.|
6|////1....|
7|////2....|
8|////1....|
9|////11...|
-|---------|
Set/unset mines marks or claim a cell as free: 
> 9 1 mine
 |123456789|
-|---------|
1|....1//1.|
2|....1/13.|
3|.1111/1..|
4|.1////1..|
5|11//111*.|
6|////1....|
7|////2....|
8|////1....|
9|////11...|
-|---------|
Set/unset mines marks or claim a cell as free: 
> 7 9 free
 |123456789|
-|---------|
1|....1//1.|
2|....1/13.|
3|.1111/1..|
4|.1////1..|
5|11//111*.|
6|////1....|
7|////2....|
8|////1....|
9|////111..|
-|---------|
Set/unset mines marks or claim a cell as free: 
> 8 5 mine
 |123456789|
-|---------|
1|....1//1.|
2|....1/13.|
3|.1111/1..|
4|.1////1..|
5|11//111..|
6|////1....|
7|////2....|
8|////1....|
9|////111..|
-|---------|
Set/unset mines marks or claim a cell as free: 
> 2 2 free
 |123456789|
-|---------|
1|....1//1.|
2|.1..1/13.|
3|.1111/1..|
4|.1////1..|
5|11//111..|
6|////1....|
7|////2....|
8|////1....|
9|////111..|
-|---------|
Set/unset mines marks or claim a cell as free: 
> 6 6 mine
 |123456789|
-|---------|
1|....1//1.|
2|.1..1/13.|
3|.1111/1..|
4|.1////1..|
5|11//111..|
6|////1*...|
7|////2....|
8|////1....|
9|////111..|
-|---------|
Set/unset mines marks or claim a cell as free: 
> 8 5 free
 |123456789|
-|---------|
1|....1//1.|
2|.1..1/13.|
3|.1111/1..|
4|.1////1..|
5|11//1111.|
6|////1*...|
7|////2....|
8|////1....|
9|////111..|
-|---------|
Set/unset mines marks or claim a cell as free: 
> 9 2 free
 |123456789|
-|---------|
1|....1//1.|
2|.1..1/133|
3|.1111/1..|
4|.1////1..|
5|11//1111.|
6|////1*...|
7|////2....|
8|////1....|
9|////111..|
-|---------|
Set/unset mines marks or claim a cell as free: 
> 9 1 free
 |123456789|
-|---------|
1|X...1//1X|
2|.1.X1/133|
3|.1111/1XX|
4|X1////1.X|
5|11//1111.|
6|////1X...|
7|////2....|
8|////1X...|
9|////111..|
-|---------|
You stepped on a mine and failed!
?[1;31m
Start test 91?[0m
How many mines do you want on the field? > 10
 |123456789|
-|---------|
1|.........|
2|.........|
3|.........|
4|.........|
5|.........|
6|.........|
7|.........|
8|.........|
9|.........|
-|---------|
Set/unset mines marks or claim a cell as free: 
> 5 5 free
 |123456789|
-|---------|
1|.........|
2|.........|
3|.........|
4|.........|
5|....1....|
6|.........|
7|.........|
8|.........|
9|.........|
-|---------|
Set/unset mines marks or claim a cell as free: 
> 3 2 mine
 |123456789|
-|---------|
1|.........|
2|..*......|
3|.........|
4|.........|
5|....1....|
6|.........|
7|.........|
8|.........|
9|.........|
-|---------|
Set/unset mines marks or claim a cell as free: 
> 9 7 free
 |123456789|
-|---------|
1|...X.....|
2|..*......|
3|X.X.....X|
4|........X|
5|....1X...|
6|.........|
7|........X|
8|.........|
9|X..X...X.|
-|---------|
You stepped on a mine and failed!
?[1;31m
Start test 92?[0m
How many mines do you want on the field? > 10
 |123456789|
-|---------|
1|.........|
2|.........|
3|.........|
4|.........|
5|.........|
6|.........|
7|.........|
8|.........|
9|.........|
-|---------|
Set/unset mines marks or claim a cell as free: 
> 9 5 free
 |123456789|
-|---------|
1|.........|
2|.........|
3|.........|
4|.........|
5|........1|
6|.........|
7|.........|
8|.........|
9|.........|
-|---------|
Set/unset mines marks or claim a cell as free: 
> 9 7 mine
 |123456789|
-|---------|
1|.........|
2|.........|
3|.........|
4|.........|
5|........1|
6|.........|
7|........*|
8|.........|
9|.........|
-|---------|
Set/unset mines marks or claim a cell as free: 
> 7 6 mine
 |123456789|
-|---------|
1|.........|
2|.........|
3|.........|
4|.........|
5|........1|
6|......*..|
7|........*|
8|.........|
9|.........|
-|---------|
Set/unset mines marks or claim a cell as free: 
> 5 3 free
 |123456789|
-|---------|
1|/1.1///1.|
2|/1.1///11|
3|/111/////|
4|/////1221|
5|/////1..1|
6|/////1221|
7|/////////|
8|/////////|
9|/////////|
-|---------|
Set/unset mines marks or claim a cell as free: 
> 3 1 mine
 |123456789|
-|---------|
1|/1*1///1.|
2|/1.1///11|
3|/111/////|
4|/////1221|
5|/////1..1|
6|/////1221|
7|/////////|
8|/////////|
9|/////////|
-|---------|
Set/unset mines marks or claim a cell as free: 
> 8 5 mine
 |123456789|
-|---------|
1|/1*1///1.|
2|/1.1///11|
3|/111/////|
4|/////1221|
5|/////1.*1|
6|/////1221|
7|/////////|
8|/////////|
9|/////////|
-|---------|
Set/unset mines marks or claim a cell as free: 
> 9 1 free
 |123456789|
-|---------|
1|/1*1///1X|
2|/1X1///11|
3|/111/////|
4|/////1221|
5|/////1XX1|
6|/////1221|
7|/////////|
8|/////////|
9|/////////|
-|---------|
You stepped on a mine and failed!
?[1;31m
Start test 93?[0m
How many mines do you want on the field? > 15
 |123456789|
-|---------|
1|.........|
2|.........|
3|.........|
4|.........|
5|.........|
6|.........|
7|.........|
8|.........|
9|.........|
-|---------|
Set/unset mines marks or claim a cell as free: 
> 6 4 free
 |123456789|
-|---------|
1|.........|
2|.........|
3|.........|
4|.....2...|
5|.........|
6|.........|
7|.........|
8|.........|
9|.........|
-|---------|
Set/unset mines marks or claim a cell as free: 
> 2 7 mine
 |123456789|
-|---------|
1|.........|
2|.........|
3|.........|
4|.....2...|
5|.........|
6|.........|
7|.*.......|
8|.........|
9|.........|
-|---------|
Set/unset mines marks or claim a cell as free: 
> 2 6 free
 |123456789|
-|---------|
1|.........|
2|....X..X.|
3|.X....X..|
4|.X.X.2X..|
5|X........|
6|.X..XX...|
7|.*X......|
8|.X.XX....|
9|.........|
-|---------|
You stepped on a mine and failed!
?[1;31m
Start test 94?[0m
How many mines do you want on the field? > 15
 |123456789|
-|---------|
1|.........|
2|.........|
3|.........|
4|.........|
5|.........|
6|.........|
7|.........|
8|.........|
9|.........|
-|---------|
Set/unset mines marks or claim a cell as free: 
> 7 8 mine
 |123456789|
-|---------|
1|.........|
2|.........|
3|.........|
4|.........|
5|.........|
6|.........|
7|.........|
8|......*..|
9|.........|
-|---------|
Set/unset mines marks or claim a cell as free: 
> 3 3 mine
 |123456789|
-|---------|
1|.........|
2|.........|
3|..*......|
4|.........|
5|.........|
6|.........|
7|.........|
8|......*..|
9|.........|
-|---------|
Set/unset mines marks or claim a cell as free: 
> 6 2 free
 |123456789|
-|---------|
1|.........|
2|.....2...|
3|..*......|
4|.........|
5|.........|
6|.........|
7|.........|
8|......*..|
9|.........|
-|---------|
Set/unset mines marks or claim a cell as free: 
> 8 7 free
 |123456789|
-|---------|
1|.........|
2|.....2...|
3|..*......|
4|.........|
5|.........|
6|.........|
7|.......2.|
8|......*..|
9|.........|
-|---------|
Set/unset mines marks or claim a cell as free: 
> 4 8 free
 |123456789|
-|---------|
1|.........|
2|.....2...|
3|..*......|
4|.........|
5|.........|
6|.........|
7|.......2.|
8|...2..*..|
9|.........|
-|---------|
Set/unset mines marks or claim a cell as free: 
> 4 2 free
 |123456789|
-|---------|
1|.........|
2|...1.2...|
3|..*......|
4|.........|
5|.........|
6|.........|
7|.......2.|
8|...2..*..|
9|.........|
-|---------|
Set/unset mines marks or claim a cell as free: 
> 9 9 free
 |123456789|
-|---------|
1|.........|
2|...1.2...|
3|..*......|
4|.........|
5|.........|
6|.........|
7|.......2.|
8|...2.2111|
9|.....1///|
-|---------|
Set/unset mines marks or claim a cell as free: 
> 3 3 mine
 |123456789|
-|---------|
1|.........|
2|...1.2...|
3|.........|
4|.........|
5|.........|
6|.........|
7|.......2.|
8|...2.2111|
9|.....1///|
-|---------|
Set/unset mines marks or claim a cell as free: 
> 1 9 mine
 |123456789|
-|---------|
1|.........|
2|...1.2...|
3|.........|
4|.........|
5|.........|
6|.........|
7|.......2.|
8|...2.2111|
9|*....1///|
-|---------|
Set/unset mines marks or claim a cell as free: 
> 8 5 free
 |123456789|
-|---------|
1|.........|
2|...1.2...|
3|.........|
4|.........|
5|.......2.|
6|.........|
7|.......2.|
8|...2.2111|
9|*....1///|
-|---------|
Set/unset mines marks or claim a cell as free: 
> 6 5 free
 |123456789|
-|---------|
1|.........|
2|...1.2...|
3|.........|
4|.........|
5|.....1.2.|
6|.........|
7|.......2.|
8|...2.2111|
9|*....1///|
-|---------|
Set/unset mines marks or claim a cell as free: 
> 7 2 free
 |123456789|
-|---------|
1|.........|
2|...1.22..|
3|.........|
4|.........|
5|.....1.2.|
6|.........|
7|.......2.|
8|...2.2111|
9|*....1///|
-|---------|
Set/unset mines marks or claim a cell as free: 
> 9 7 mine
 |123456789|
-|---------|
1|.........|
2|...1.22..|
3|.........|
4|.........|
5|.....1.2.|
6|.........|
7|.......2*|
8|...2.2111|
9|*....1///|
-|---------|
Set/unset mines marks or claim a cell as free: 
> 5 2 mine
 |123456789|
-|---------|
1|.........|
2|...1*22..|
3|.........|
4|.........|
5|.....1.2.|
6|.........|
7|.......2*|
8|...2.2111|
9|*....1///|
-|---------|
Set/unset mines marks or claim a cell as free: 
> 2 7 mine
 |123456789|
-|---------|
1|.........|
2|...1*22..|
3|.........|
4|.........|
5|.....1.2.|
6|.........|
7|.*.....2*|
8|...2.2111|
9|*....1///|
-|---------|
Set/unset mines marks or claim a cell as free: 
> 5 5 free
 |123456789|
-|---------|
1|..X...X.X|
2|...1*22.X|
3|.....X..X|
4|...X...X.|
5|....X1.2.|
6|..X.....X|
7|.*X..X.2X|
8|...2X2111|
9|*....1///|
-|---------|
You stepped on a mine and failed!
?[1;31m
Start test 95?[0m
How many mines do you want on the field? > 20
 |123456789|
-|---------|
1|.........|
2|.........|
3|.........|
4|.........|
5|.........|
6|.........|
7|.........|
8|.........|
9|.........|
-|---------|
Set/unset mines marks or claim a cell as free: 
> 9 6 free
 |123456789|
-|---------|
1|.........|
2|.........|
3|.........|
4|.........|
5|.........|
6|........1|
7|.........|
8|.........|
9|.........|
-|---------|
Set/unset mines marks or claim a cell as free: 
> 2 5 free
 |123456789|
-|---------|
1|.........|
2|.........|
3|.........|
4|.........|
5|.2.......|
6|........1|
7|.........|
8|.........|
9|.........|
-|---------|
Set/unset mines marks or claim a cell as free: 
> 1 3 free
 |123456789|
-|---------|
1|.........|
2|12.......|
3|/1.......|
4|12.......|
5|.2.......|
6|........1|
7|.........|
8|.........|
9|.........|
-|---------|
Set/unset mines marks or claim a cell as free: 
> 5 6 mine
 |123456789|
-|---------|
1|.........|
2|12.......|
3|/1.......|
4|12.......|
5|.2.......|
6|....*...1|
7|.........|
8|.........|
9|.........|
-|---------|
Set/unset mines marks or claim a cell as free: 
> 9 5 mine
 |123456789|
-|---------|
1|.........|
2|12.......|
3|/1.......|
4|12.......|
5|.2......*|
6|....*...1|
7|.........|
8|.........|
9|.........|
-|---------|
Set/unset mines marks or claim a cell as free: 
> 7 8 free
 |123456789|
-|---------|
1|X........|
2|12..X....|
3|/1X......|
4|12..X..X.|
5|X2..X...X|
6|X..X*...1|
7|X.X...X..|
8|XX.X..X..|
9|X.....XX.|
-|---------|
You stepped on a mine and failed!
?[1;31m
Start test 96?[0m
How many mines do you want on the field? > 20
 |123456789|
-|---------|
1|.........|
2|.........|
3|.........|
4|.........|
5|.........|
6|.........|
7|.........|
8|.........|
9|.........|
-|---------|
Set/unset mines marks or claim a cell as free: 
> 3 6 free
 |123456789|
-|---------|
1|.........|
2|.........|
3|.........|
4|.........|
5|.........|
6|..3......|
7|.........|
8|.........|
9|.........|
-|---------|
Set/unset mines marks or claim a cell as free: 
> 5 8 free
 |123456789|
-|---------|
1|.........|
2|.........|
3|.........|
4|.........|
5|.........|
6|..3......|
7|.........|
8|....1....|
9|.........|
-|---------|
Set/unset mines marks or claim a cell as free: 
> 1 9 free
 |123456789|
-|---------|
1|.........|
2|.........|
3|.........|
4|.........|
5|.........|
6|..3......|
7|.........|
8|13..1....|
9|/1.......|
-|---------|
Set/unset mines marks or claim a cell as free: 
> 3 9 mine
 |123456789|
-|---------|
1|.........|
2|.........|
3|.........|
4|.........|
5|.........|
6|..3......|
7|.........|
8|13..1....|
9|/1*......|
-|---------|
Set/unset mines marks or claim a cell as free: 
> 4 1 free
 |123456789|
-|---------|
1|..1/1....|
2|..212....|
3|.........|
4|.........|
5|.........|
6|..3......|
7|.........|
8|13..1....|
9|/1*......|
-|---------|
Set/unset mines marks or claim a cell as free: 
> 6 8 free
 |123456789|
-|---------|
1|..1/1....|
2|..212....|
3|.........|
4|.........|
5|.........|
6|..3......|
7|.........|
8|13..12...|
9|/1*......|
-|---------|
Set/unset mines marks or claim a cell as free: 
> 2 6 free
 |123456789|
-|---------|
1|..1/1....|
2|..212....|
3|.........|
4|.........|
5|.........|
6|.23......|
7|.........|
8|13..12...|
9|/1*......|
-|---------|
Set/unset mines marks or claim a cell as free: 
> 3 8 free
 |123456789|
-|---------|
1|..1/1....|
2|..212....|
3|.........|
4|.........|
5|.........|
6|.23......|
7|.........|
8|132.12...|
9|/1*......|
-|---------|
Set/unset mines marks or claim a cell as free: 
> 4 8 mine
 |123456789|
-|---------|
1|..1/1....|
2|..212....|
3|.........|
4|.........|
5|.........|
6|.23......|
7|.........|
8|132*12...|
9|/1*......|
-|---------|
Set/unset mines marks or claim a cell as free: 
> 6 2 free
 |123456789|
-|---------|
1|.X1/1..X.|
2|..212X...|
3|.X..X..X.|
4|X.X......|
5|...X...XX|
6|.23XX....|
7|X.X..X...|
8|132*12.X.|
9|/1X...X.X|
-|---------|
You stepped on a mine and failed!
?[1;31m
Start test 97?[0m
How many mines do you want on the field? > 25
 |123456789|
-|---------|
1|.........|
2|.........|
3|.........|
4|.........|
5|.........|
6|.........|
7|.........|
8|.........|
9|.........|
-|---------|
Set/unset mines marks or claim a cell as free: 
> 5 5 free
 |123456789|
-|---------|
1|.........|
2|.........|
3|.........|
4|.........|
5|....3....|
6|.........|
7|.........|
8|.........|
9|.........|
-|---------|
Set/unset mines marks or claim a cell as free: 
> 6 4 mine
 |123456789|
-|---------|
1|.........|
2|.........|
3|.........|
4|.....*...|
5|....3....|
6|.........|
7|.........|
8|.........|
9|.........|
-|---------|
Set/unset mines marks or claim a cell as free: 
> 6 4 mine
 |123456789|
-|---------|
1|.........|
2|.........|
3|.........|
4|.........|
5|....3....|
6|.........|
7|.........|
8|.........|
9|.........|
-|---------|
Set/unset mines marks or claim a cell as free: 
> 6 6 free
 |123456789|
-|---------|
1|X....XX.X|
2|X..X.....|
3|X....XX.X|
4|XX.X..X..|
5|....3.X..|
6|..XX.XX..|
7|X.....X..|
8|...X...X.|
9|.X......X|
-|---------|
You stepped on a mine and failed!
?[1;31m
Start test 98?[0m
How many mines do you want on the field? > 25
 |123456789|
-|---------|
1|.........|
2|.........|
3|.........|
4|.........|
5|.........|
6|.........|
7|.........|
8|.........|
9|.........|
-|---------|
Set/unset mines marks or claim a cell as free: 
> 2 3 free
 |123456789|
-|---------|
1|.........|
2|.........|
3|.2.......|
4|.........|
5|.........|
6|.........|
7|.........|
8|.........|
9|.........|
-|---------|
Set/unset mines marks or claim a cell as free: 
> 1 8 free
 |123456789|
-|---------|
1|.........|
2|.........|
3|.2.......|
4|.........|
5|.........|
6|.........|
7|.........|
8|1........|
9|.........|
-|---------|
Set/unset mines marks or claim a cell as free: 
> 4 4 free
 |123456789|
-|---------|
1|.........|
2|.........|
3|.2.......|
4|...2.....|
5|.........|
6|.........|
7|.........|
8|1........|
9|.........|
-|---------|
Set/unset mines marks or claim a cell as free: 
> 3 7 free
 |123456789|
-|---------|
1|.........|
2|.........|
3|.2.......|
4|...2.....|
5|.........|
6|.........|
7|..4......|
8|1........|
9|.........|
-|---------|
Set/unset mines marks or claim a cell as free: 
> 3 4 free
 |123456789|
-|---------|
1|......X..|
2|.....X..X|
3|.2...XXXX|
4|.XX2..X..|
5|..X..X.X.|
6|.XXX..X..|
7|.X4..X.X.|
8|1...XX...|
9|.....X.XX|
-|---------|
You stepped on a mine and failed!
?[1;31m
Start test 99?[0m
How many mines do you want on the field? > 30
 |123456789|
-|---------|
1|.........|
2|.........|
3|.........|
4|.........|
5|.........|
6|.........|
7|.........|
8|.........|
9|.........|
-|---------|
Set/unset mines marks or claim a cell as free: 
> 3 6 free
 |123456789|
-|---------|
1|.........|
2|.........|
3|.........|
4|.........|
5|.........|
6|..2......|
7|.........|
8|.........|
9|.........|
-|---------|
Set/unset mines marks or claim a cell as free: 
> 7 7 free
 |123456789|
-|---------|
1|.........|
2|.........|
3|.........|
4|.........|
5|.......21|
6|..211221/|
7|111//////|
8|/////////|
9|/////////|
-|---------|
Set/unset mines marks or claim a cell as free: 
> 1 1 free
 |123456789|
-|---------|
1|3........|
2|.........|
3|.........|
4|.........|
5|.......21|
6|..211221/|
7|111//////|
8|/////////|
9|/////////|
-|---------|
Set/unset mines marks or claim a cell as free: 
> 1 3 free
 |123456789|
-|---------|
1|3........|
2|.........|
3|3........|
4|.........|
5|.......21|
6|..211221/|
7|111//////|
8|/////////|
9|/////////|
-|---------|
Set/unset mines marks or claim a cell as free: 
> 7 4 free
 |123456789|
-|---------|
1|3........|
2|.........|
3|3........|
4|......4..|
5|.......21|
6|..211221/|
7|111//////|
8|/////////|
9|/////////|
-|---------|
Set/unset mines marks or claim a cell as free: 
> 3 4 free
 |123456789|
-|---------|
1|3........|
2|.........|
3|3........|
4|..1...4..|
5|.......21|
6|..211221/|
7|111//////|
8|/////////|
9|/////////|
-|---------|
Set/unset mines marks or claim a cell as free: 
> 3 2 free
 |123456789|
-|---------|
1|3X...X..X|
2|XXX.XXX..|
3|3......XX|
4|X.1.X.4X.|
5|..X..XX21|
6|.X211221/|
7|111//////|
8|/////////|
9|/////////|
-|---------|
You stepped on a mine and failed!
?[1;31m
Start test 100?[0m
How many mines do you want on the field? > 30
 |123456789|
-|---------|
1|.........|
2|.........|
3|.........|
4|.........|
5|.........|
6|.........|
7|.........|
8|.........|
9|.........|
-|---------|
Set/unset mines marks or claim a cell as free: 
> 2 1 free
 |123456789|
-|---------|
1|.3.......|
2|.........|
3|.........|
4|.........|
5|.........|
6|.........|
7|.........|
8|.........|
9|.........|
-|---------|
Set/unset mines marks or claim a cell as free: 
> 2 8 mine
 |123456789|
-|---------|
1|.3.......|
2|.........|
3|.........|
4|.........|
5|.........|
6|.........|
7|.........|
8|.*.......|
9|.........|
-|---------|
Set/unset mines marks or claim a cell as free: 
> 7 2 free
 |123456789|
-|---------|
1|X3X.X....|
2|X.....X.X|
3|..XX...XX|
4|.XX.X.X.X|
5|X.X..X..X|
6|.......X.|
7|..XXX....|
8|X*.X.....|
9|.XX.XX.X.|
-|---------|
You stepped on a mine and failed!
?[1;31m
Start test 101?[0m
How many mines do you want on the field? > 35
 |123456789|
-|---------|
1|.........|
2|.........|
3|.........|
4|.........|
5|.........|
6|.........|
7|.........|
8|.........|
9|.........|
-|---------|
Set/unset mines marks or claim a cell as free: 
> 5 7 free
 |123456789|
-|---------|
1|.........|
2|.........|
3|.........|
4|.........|
5|.........|
6|.........|
7|....4....|
8|.........|
9|.........|
-|---------|
Set/unset mines marks or claim a cell as free: 
> 4 7 mine
 |123456789|
-|---------|
1|.........|
2|.........|
3|.........|
4|.........|
5|.........|
6|.........|
7|...*4....|
8|.........|
9|.........|
-|---------|
Set/unset mines marks or claim a cell as free: 
> 3 1 free
 |123456789|
-|---------|
1|X.XXXX.X.|
2|....X.X..|
3|.......X.|
4|.X.XXXXX.|
5|XX...X..X|
6|X..XXX..X|
7|X..X4....|
8|.........|
9|.........|
-|---------|
You stepped on a mine and failed!
?[1;31m
Start test 102?[0m
How many mines do you want on the field? > 35
 |123456789|
-|---------|
1|.........|
2|.........|
3|.........|
4|.........|
5|.........|
6|.........|
7|.........|
8|.........|
9|.........|
-|---------|
Set/unset mines marks or claim a cell as free: 
> 1 9 free
 |123456789|
-|---------|
1|.........|
2|.........|
3|.........|
4|.........|
5|.........|
6|.........|
7|.........|
8|.........|
9|2........|
-|---------|
Set/unset mines marks or claim a cell as free: 
> 2 9 free
 |123456789|
-|---------|
1|.........|
2|.........|
3|.........|
4|.........|
5|.........|
6|.........|
7|.........|
8|.........|
9|23.......|
-|---------|
Set/unset mines marks or claim a cell as free: 
> 2 2 free
 |123456789|
-|---------|
1|.........|
2|.6.......|
3|.........|
4|.........|
5|.........|
6|.........|
7|.........|
8|.........|
9|23.......|
-|---------|
Set/unset mines marks or claim a cell as free: 
> 4 1 free
 |123456789|
-|---------|
1|...4.....|
2|.6.......|
3|.........|
4|.........|
5|.........|
6|.........|
7|.........|
8|.........|
9|23.......|
-|---------|
Set/unset mines marks or claim a cell as free: 
> 2 3 free
 |123456789|
-|---------|
1|X.X4XX...|
2|.6X.XX.X.|
3|XXX...XXX|
4|.X.......|
5|XX..X...X|
6|....X.X..|
7|..XXX..XX|
8|XXX...X..|
9|23.XXX.XX|
-|---------|
You stepped on a mine and failed!
?[1;31m
Start test 103?[0m
How many mines do you want on the field? > 40
 |123456789|
-|---------|
1|.........|
2|.........|
3|.........|
4|.........|
5|.........|
6|.........|
7|.........|
8|.........|
9|.........|
-|---------|
Set/unset mines marks or claim a cell as free: 
> 2 2 free
 |123456789|
-|---------|
1|.........|
2|.2.......|
3|.........|
4|.........|
5|.........|
6|.........|
7|.........|
8|.........|
9|.........|
-|---------|
Set/unset mines marks or claim a cell as free: 
> 2 8 free
 |123456789|
-|---------|
1|.......1/|
2|12121211/|
3|/////////|
4|/////////|
5|/////////|
6|/////////|
7|/////////|
8|/////////|
9|/////////|
-|---------|
Set/unset mines marks or claim a cell as free: 
> 7 1 free
 |123456789|
-|---------|
1|X.X.X.X1/|
2|12121211/|
3|/////////|
4|/////////|
5|/////////|
6|/////////|
7|/////////|
8|/////////|
9|/////////|
-|---------|
You stepped on a mine and failed!
?[1;31m
Start test 104?[0m
How many mines do you want on the field? > 40
 |123456789|
-|---------|
1|.........|
2|.........|
3|.........|
4|.........|
5|.........|
6|.........|
7|.........|
8|.........|
9|.........|
-|---------|
Set/unset mines marks or claim a cell as free: 
> 3 1 free
 |123456789|
-|---------|
1|..1......|
2|.........|
3|.........|
4|.........|
5|.........|
6|.........|
7|.........|
8|.........|
9|.........|
-|---------|
Set/unset mines marks or claim a cell as free: 
> 1 6 mine
 |123456789|
-|---------|
1|..1......|
2|.........|
3|.........|
4|.........|
5|.........|
6|*........|
7|.........|
8|.........|
9|.........|
-|---------|
Set/unset mines marks or claim a cell as free: 
> 1 7 free
 |123456789|
-|---------|
1|..1//////|
2|111//////|
3|/////////|
4|/////////|
5|/////////|
6|/////////|
7|/////////|
8|/////////|
9|/////////|
-|---------|
Set/unset mines marks or claim a cell as free: 
> 1 1 free
 |123456789|
-|---------|
1|1.1//////|
2|111//////|
3|/////////|
4|/////////|
5|/////////|
6|/////////|
7|/////////|
8|/////////|
9|/////////|
-|---------|
Set/unset mines marks or claim a cell as free: 
> 2 1 mine
 |123456789|
-|---------|
1|1*1//////|
2|111//////|
3|/////////|
4|/////////|
5|/////////|
6|/////////|
7|/////////|
8|/////////|
9|/////////|
-|---------|
Set/unset mines marks or claim a cell as free: 
> 2 1 mine
 |123456789|
-|---------|
1|1.1//////|
2|111//////|
3|/////////|
4|/////////|
5|/////////|
6|/////////|
7|/////////|
8|/////////|
9|/////////|
-|---------|
Set/unset mines marks or claim a cell as free: 
> 2 1 mine
 |123456789|
-|---------|
1|1*1//////|
2|111//////|
3|/////////|
4|/////////|
5|/////////|
6|/////////|
7|/////////|
8|/////////|
9|/////////|
-|---------|
Set/unset mines marks or claim a cell as free: 
> 2 1 mine
 |123456789|
-|---------|
1|1.1//////|
2|111//////|
3|/////////|
4|/////////|
5|/////////|
6|/////////|
7|/////////|
8|/////////|
9|/////////|
-|---------|
Set/unset mines marks or claim a cell as free: 
> 2 1 free
 |123456789|
-|---------|
1|1X1//////|
2|111//////|
3|/////////|
4|/////////|
5|/////////|
6|/////////|
7|/////////|
8|/////////|
9|/////////|
-|---------|
You stepped on a mine and failed!
?[1;31m
Start test 105?[0m
How many mines do you want on the field? > 45
 |123456789|
-|---------|
1|.........|
2|.........|
3|.........|
4|.........|
5|.........|
6|.........|
7|.........|
8|.........|
9|.........|
-|---------|
Set/unset mines marks or claim a cell as free: 
> 7 1 free
 |123456789|
-|---------|
1|......1..|
2|.........|
3|.........|
4|.........|
5|.........|
6|.........|
7|.........|
8|.........|
9|.........|
-|---------|
Set/unset mines marks or claim a cell as free: 
> 1 4 free
 |123456789|
-|---------|
1|......1//|
2|2333321//|
3|/////////|
4|/////////|
5|/////////|
6|/////////|
7|/////////|
8|/////////|
9|/////////|
-|---------|
Set/unset mines marks or claim a cell as free: 
> 2 1 mine
 |123456789|
-|---------|
1|.*....1//|
2|2333321//|
3|/////////|
4|/////////|
5|/////////|
6|/////////|
7|/////////|
8|/////////|
9|/////////|
-|---------|
Set/unset mines marks or claim a cell as free: 
> 6 1 free
 |123456789|
-|---------|
1|XXXXXX1//|
2|2333321//|
3|/////////|
4|/////////|
5|/////////|
6|/////////|
7|/////////|
8|/////////|
9|/////////|
-|---------|
You stepped on a mine and failed!
?[1;31m
Start test 106?[0m
How many mines do you want on the field? > 45
 |123456789|
-|---------|
1|.........|
2|.........|
3|.........|
4|.........|
5|.........|
6|.........|
7|.........|
8|.........|
9|.........|
-|---------|
Set/unset mines marks or claim a cell as free: 
> 5 2 mine
 |123456789|
-|---------|
1|.........|
2|....*....|
3|.........|
4|.........|
5|.........|
6|.........|
7|.........|
8|.........|
9|.........|
-|---------|
Set/unset mines marks or claim a cell as free: 
> 4 5 free
 |123456789|
-|---------|
1|.........|
2|....*....|
3|.........|
4|.........|
5|...2.....|
6|.........|
7|.........|
8|.........|
9|.........|
-|---------|
Set/unset mines marks or claim a cell as free: 
> 7 2 free
 |123456789|
-|---------|
1|.........|
2|....*.4..|
3|.........|
4|.........|
5|...2.....|
6|.........|
7|.........|
8|.........|
9|.........|
-|---------|
Set/unset mines marks or claim a cell as free: 
> 5 6 mine
 |123456789|
-|---------|
1|.........|
2|....*.4..|
3|.........|
4|.........|
5|...2.....|
6|....*....|
7|.........|
8|.........|
9|.........|
-|---------|
Set/unset mines marks or claim a cell as free: 
> 5 7 mine
 |123456789|
-|---------|
1|.........|
2|....*.4..|
3|.........|
4|.........|
5|...2.....|
6|....*....|
7|....*....|
8|.........|
9|.........|
-|---------|
Set/unset mines marks or claim a cell as free: 
> 8 5 free
 |123456789|
-|---------|
1|.........|
2|....*.4..|
3|.........|
4|.........|
5|...2...2.|
6|....*....|
7|....*....|
8|.........|
9|.........|
-|---------|
Set/unset mines marks or claim a cell as free: 
> 2 7 free
 |123456789|
-|---------|
1|.........|
2|....*.4..|
3|.........|
4|...323...|
5|...2/1221|
6|2321/////|
7|/////////|
8|/////////|
9|/////////|
-|---------|
Set/unset mines marks or claim a cell as free: 
> 3 2 free
 |123456789|
-|---------|
1|....X.XXX|
2|XXXX*.4.X|
3|X..X.XX.X|
4|..X323XX.|
5|XXX2/1221|
6|2321/////|
7|/////////|
8|/////////|
9|/////////|
-|---------|
You stepped on a mine and failed!
?[1;31m
Start test 107?[0m
How many mines do you want on the field? > 50
 |123456789|
-|---------|
1|.........|
2|.........|
3|.........|
4|.........|
5|.........|
6|.........|
7|.........|
8|.........|
9|.........|
-|---------|
Set/unset mines marks or claim a cell as free: 
> 3 7 free
 |123456789|
-|---------|
1|.........|
2|.........|
3|.........|
4|.........|
5|.........|
6|.........|
7|..5......|
8|.........|
9|.........|
-|---------|
Set/unset mines marks or claim a cell as free: 
> 8 2 free
 |123456789|
-|---------|
1|XXXXX...X|
2|.XXXXX.X.|
3|.XXX....X|
4|X..XX.X.X|
5|XX.X...XX|
6|.XXXXXXX.|
7|..5XX.X.X|
8|X..XXXXXX|
9|XXXX.X..X|
-|---------|
You stepped on a mine and failed!
?[1;31m
Start test 108?[0m
How many mines do you want on the field? > 50
 |123456789|
-|---------|
1|.........|
2|.........|
3|.........|
4|.........|
5|.........|
6|.........|
7|.........|
8|.........|
9|.........|
-|---------|
Set/unset mines marks or claim a cell as free: 
> 7 8 mine
 |123456789|
-|---------|
1|.........|
2|.........|
3|.........|
4|.........|
5|.........|
6|.........|
7|.........|
8|......*..|
9|.........|
-|---------|
Set/unset mines marks or claim a cell as free: 
> 9 7 mine
 |123456789|
-|---------|
1|.........|
2|.........|
3|.........|
4|.........|
5|.........|
6|.........|
7|........*|
8|......*..|
9|.........|
-|---------|
Set/unset mines marks or claim a cell as free: 
> 4 5 free
 |123456789|
-|---------|
1|.........|
2|.........|
3|.........|
4|.........|
5|...5.....|
6|.........|
7|........*|
8|......*..|
9|.........|
-|---------|
Set/unset mines marks or claim a cell as free: 
> 7 8 mine
 |123456789|
-|---------|
1|.........|
2|.........|
3|.........|
4|.........|
5|...5.....|
6|.........|
7|........*|
8|.........|
9|.........|
-|---------|
Set/unset mines marks or claim a cell as free: 
> 7 6 mine
 |123456789|
-|---------|
1|.........|
2|.........|
3|.........|
4|.........|
5|...5.....|
6|......*..|
7|........*|
8|.........|
9|.........|
-|---------|
Set/unset mines marks or claim a cell as free: 
> 5 7 free
 |123456789|
-|---------|
1|XX..X.XXX|
2|XXXXXX.XX|
3|XX..XXXXX|
4|.X.XXXX.X|
5|..X5XXXXX|
6|X...X.X..|
7|.XX.X...*|
8|.XXXXXXXX|
9|...X.XX..|
-|---------|
You stepped on a mine and failed!
?[1;31m
Start test 109?[0m
How many mines do you want on the field? > 55
 |123456789|
-|---------|
1|.........|
2|.........|
3|.........|
4|.........|
5|.........|
6|.........|
7|.........|
8|.........|
9|.........|
-|---------|
Set/unset mines marks or claim a cell as free: 
> 1 3 mine
 |123456789|
-|---------|
1|.........|
2|.........|
3|*........|
4|.........|
5|.........|
6|.........|
7|.........|
8|.........|
9|.........|
-|---------|
Set/unset mines marks or claim a cell as free: 
> 8 7 free
 |123456789|
-|---------|
1|.........|
2|.........|
3|*........|
4|.........|
5|.........|
6|.........|
7|.......3.|
8|.........|
9|.........|
-|---------|
Set/unset mines marks or claim a cell as free: 
> 1 3 mine
 |123456789|
-|---------|
1|.........|
2|.........|
3|.........|
4|.........|
5|.........|
6|.........|
7|.......3.|
8|.........|
9|.........|
-|---------|
Set/unset mines marks or claim a cell as free: 
> 3 3 mine
 |123456789|
-|---------|
1|.........|
2|.........|
3|..*......|
4|.........|
5|.........|
6|.........|
7|.......3.|
8|.........|
9|.........|
-|---------|
Set/unset mines marks or claim a cell as free: 
> 5 6 free
 |123456789|
-|---------|
1|.........|
2|.........|
3|..*......|
4|.........|
5|.........|
6|....6....|
7|.......3.|
8|.........|
9|.........|
-|---------|
Set/unset mines marks or claim a cell as free: 
> 3 3 mine
 |123456789|
-|---------|
1|.........|
2|.........|
3|.........|
4|.........|
5|.........|
6|....6....|
7|.......3.|
8|.........|
9|.........|
-|---------|
Set/unset mines marks or claim a cell as free: 
> 7 1 free
 |123456789|
-|---------|
1|XX.XX.XXX|
2|XX..X.XX.|
3|.XXXX..XX|
4|XXXXX.XX.|
5|..X..X.XX|
6|.X.X6XXX.|
7|XXXXXXX3.|
8|.........|
9|.........|
-|---------|
You stepped on a mine and failed!
?[1;31m
Start test 110?[0m
How many mines do you want on the field? > 55
 |123456789|
-|---------|
1|.........|
2|.........|
3|.........|
4|.........|
5|.........|
6|.........|
7|.........|
8|.........|
9|.........|
-|---------|
Set/unset mines marks or claim a cell as free: 
> 7 7 free
 |123456789|
-|---------|
1|.........|
2|.........|
3|.........|
4|.........|
5|.........|
6|.........|
7|......2..|
8|.........|
9|.........|
-|---------|
Set/unset mines marks or claim a cell as free: 
> 6 3 free
 |123456789|
-|---------|
1|.X...X.X.|
2|XX.X.XX.X|
3|XXXXXX..X|
4|XX.XXXX..|
5|X.XXXX.XX|
6|X.XXX.XXX|
7|XX.X..2..|
8|.........|
9|.........|
-|---------|
You stepped on a mine and failed!
?[1;31m
Start test 111?[0m
How many mines do you want on the field? > 60
 |123456789|
-|---------|
1|.........|
2|.........|
3|.........|
4|.........|
5|.........|
6|.........|
7|.........|
8|.........|
9|.........|
-|---------|
Set/unset mines marks or claim a cell as free: 
> 9 8 free
 |123456789|
-|---------|
1|.........|
2|.........|
3|.........|
4|.........|
5|.........|
6|.........|
7|.........|
8|........3|
9|.........|
-|---------|
Set/unset mines marks or claim a cell as free: 
> 7 7 mine
 |123456789|
-|---------|
1|.........|
2|.........|
3|.........|
4|.........|
5|.........|
6|.........|
7|......*..|
8|........3|
9|.........|
-|---------|
Set/unset mines marks or claim a cell as free: 
> 9 9 free
 |123456789|
-|---------|
1|.........|
2|.........|
3|.........|
4|.........|
5|.........|
6|.........|
7|......*..|
8|........3|
9|........1|
-|---------|
Set/unset mines marks or claim a cell as free: 
> 4 1 free
 |123456789|
-|---------|
1|...4.....|
2|.........|
3|.........|
4|.........|
5|.........|
6|.........|
7|......*..|
8|........3|
9|........1|
-|---------|
Set/unset mines marks or claim a cell as free: 
> 1 5 free
 |123456789|
-|---------|
1|XXX4XXX.X|
2|XXX.XXX..|
3|.XX.X..X.|
4|.XXXXXXXX|
5|X.XXXX.XX|
6|X.XXX.X.X|
7|X.XXXXXXX|
8|XX...XXX3|
9|........1|
-|---------|
You stepped on a mine and failed!
?[1;31m
Start test 112?[0m
How many mines do you want on the field? > 60
 |123456789|
-|---------|
1|.........|
2|.........|
3|.........|
4|.........|
5|.........|
6|.........|
7|.........|
8|.........|
9|.........|
-|---------|
Set/unset mines marks or claim a cell as free: 
> 3 4 mine
 |123456789|
-|---------|
1|.........|
2|.........|
3|.........|
4|..*......|
5|.........|
6|.........|
7|.........|
8|.........|
9|.........|
-|---------|
Set/unset mines marks or claim a cell as free: 
> 3 4 mine
 |123456789|
-|---------|
1|.........|
2|.........|
3|.........|
4|.........|
5|.........|
6|.........|
7|.........|
8|.........|
9|.........|
-|---------|
Set/unset mines marks or claim a cell as free: 
> 9 3 free
 |123456789|
-|---------|
1|.........|
2|.........|
3|........2|
4|.........|
5|.........|
6|.........|
7|.........|
8|.........|
9|.........|
-|---------|
Set/unset mines marks or claim a cell as free: 
> 7 8 free
 |123456789|
-|---------|
1|.........|
2|.........|
3|.......42|
4|12233321/|
5|/////////|
6|/////////|
7|/////////|
8|/////////|
9|/////////|
-|---------|
Set/unset mines marks or claim a cell as free: 
> 4 2 free
 |123456789|
-|---------|
1|..X.XXXXX|
2|.XXXX.XXX|
3|X.XXXXX42|
4|12233321/|
5|/////////|
6|/////////|
7|/////////|
8|/////////|
9|/////////|
-|---------|
You stepped on a mine and failed!
?[1;31m
Start test 113?[0m
How many mines do you want on the field? > 65
 |123456789|
-|---------|
1|.........|
2|.........|
3|.........|
4|.........|
5|.........|
6|.........|
7|.........|
8|.........|
9|.........|
-|---------|
Set/unset mines marks or claim a cell as free: 
> 1 4 free
 |123456789|
-|---------|
1|.........|
2|.........|
3|.........|
4|2........|
5|.........|
6|.........|
7|.........|
8|.........|
9|.........|
-|---------|
Set/unset mines marks or claim a cell as free: 
> 2 4 mine
 |123456789|
-|---------|
1|.........|
2|.........|
3|.........|
4|2*.......|
5|.........|
6|.........|
7|.........|
8|.........|
9|.........|
-|---------|
Set/unset mines marks or claim a cell as free: 
> 3 8 mine
 |123456789|
-|---------|
1|.........|
2|.........|
3|.........|
4|2*.......|
5|.........|
6|.........|
7|.........|
8|..*......|
9|.........|
-|---------|
Set/unset mines marks or claim a cell as free: 
> 6 9 mine
 |123456789|
-|---------|
1|.........|
2|.........|
3|.........|
4|2*.......|
5|.........|
6|.........|
7|.........|
8|..*......|
9|.....*...|
-|---------|
Set/unset mines marks or claim a cell as free: 
> 6 9 mine
 |123456789|
-|---------|
1|.........|
2|.........|
3|.........|
4|2*.......|
5|.........|
6|.........|
7|.........|
8|..*......|
9|.........|
-|---------|
Set/unset mines marks or claim a cell as free: 
> 8 2 free
 |123456789|
-|---------|
1|.........|
2|.......6.|
3|.........|
4|2*.......|
5|.........|
6|.........|
7|.........|
8|..*......|
9|.........|
-|---------|
Set/unset mines marks or claim a cell as free: 
> 3 8 mine
 |123456789|
-|---------|
1|.........|
2|.......6.|
3|.........|
4|2*.......|
5|.........|
6|.........|
7|.........|
8|.........|
9|.........|
-|---------|
Set/unset mines marks or claim a cell as free: 
> 2 4 mine
 |123456789|
-|---------|
1|.........|
2|.......6.|
3|.........|
4|2........|
5|.........|
6|.........|
7|.........|
8|.........|
9|.........|
-|---------|
Set/unset mines marks or claim a cell as free: 
> 1 2 free
 |123456789|
-|---------|
1|XX.XXXXXX|
2|X.XXXXX6X|
3|XXX..X.X.|
4|2........|
5|.........|
6|.........|
7|.........|
8|.........|
9|.........|
-|---------|
You stepped on a mine and failed!
?[1;31m
Start test 114?[0m
How many mines do you want on the field? > 65
 |123456789|
-|---------|
1|.........|
2|.........|
3|.........|
4|.........|
5|.........|
6|.........|
7|.........|
8|.........|
9|.........|
-|---------|
Set/unset mines marks or claim a cell as free: 
> 3 8 free
 |123456789|
-|---------|
1|.........|
2|.........|
3|.........|
4|.........|
5|.........|
6|.........|
7|.........|
8|..3......|
9|.........|
-|---------|
Set/unset mines marks or claim a cell as free: 
> 9 6 free
 |123456789|
-|---------|
1|XXXXXX.XX|
2|X.XXXXXXX|
3|XXXXX.XXX|
4|XX.XXXXXX|
5|XX.X...X.|
6|XX.XX..XX|
7|XX.XXXXXX|
8|XX3......|
9|.........|
-|---------|
You stepped on a mine and failed!
]]></system-out>
  <system-err><![CDATA[]]></system-err>
</testsuite>
